{"/home/aleydon/Dev/Linda-Vendas/src/components/FormField.tsx": {"path":"/home/aleydon/Dev/Linda-Vendas/src/components/FormField.tsx","statementMap":{"0":{"start":{"line":25,"column":26},"end":{"line":25,"column":41}},"1":{"start":{"line":27,"column":2},"end":{"line":43,"column":4}}},"fnMap":{"0":{"name":"FormField","decl":{"start":{"line":16,"column":16},"end":{"line":16,"column":25}},"loc":{"start":{"line":24,"column":38},"end":{"line":44,"column":1}},"line":24}},"branchMap":{"0":{"loc":{"start":{"line":20,"column":2},"end":{"line":20,"column":26}},"type":"default-arg","locations":[{"start":{"line":20,"column":17},"end":{"line":20,"column":26}}],"line":20},"1":{"loc":{"start":{"line":22,"column":2},"end":{"line":22,"column":19}},"type":"default-arg","locations":[{"start":{"line":22,"column":14},"end":{"line":22,"column":19}}],"line":22},"2":{"loc":{"start":{"line":39,"column":21},"end":{"line":39,"column":69}},"type":"binary-expr","locations":[{"start":{"line":39,"column":21},"end":{"line":39,"column":32}},{"start":{"line":39,"column":36},"end":{"line":39,"column":69}}],"line":39},"3":{"loc":{"start":{"line":40,"column":30},"end":{"line":40,"column":76}},"type":"cond-expr","locations":[{"start":{"line":40,"column":55},"end":{"line":40,"column":64}},{"start":{"line":40,"column":67},"end":{"line":40,"column":76}}],"line":40}},"s":{"0":16,"1":16},"f":{"0":16},"b":{"0":[8],"1":[12],"2":[16,8],"3":[0,16]},"_coverageSchema":"1a1c01bbd47fc00a2c39e90264f33305004495a9","hash":"67f972d1fd85a3c14d2a5645f8ec5e27632d449f"}
,"/home/aleydon/Dev/Linda-Vendas/src/components/ProductCard.tsx": {"path":"/home/aleydon/Dev/Linda-Vendas/src/components/ProductCard.tsx","statementMap":{"0":{"start":{"line":30,"column":38},"end":{"line":30,"column":53}},"1":{"start":{"line":33,"column":4},"end":{"line":35,"column":13}},"2":{"start":{"line":34,"column":38},"end":{"line":34,"column":51}},"3":{"start":{"line":38,"column":4},"end":{"line":40,"column":21}},"4":{"start":{"line":39,"column":55},"end":{"line":39,"column":62}},"5":{"start":{"line":42,"column":2},"end":{"line":157,"column":4}},"6":{"start":{"line":46,"column":23},"end":{"line":46,"column":67}},"7":{"start":{"line":135,"column":12},"end":{"line":152,"column":19}}},"fnMap":{"0":{"name":"ProductCard","decl":{"start":{"line":20,"column":16},"end":{"line":20,"column":27}},"loc":{"start":{"line":29,"column":21},"end":{"line":158,"column":1}},"line":29},"1":{"name":"(anonymous_1)","decl":{"start":{"line":34,"column":26},"end":{"line":34,"column":27}},"loc":{"start":{"line":34,"column":38},"end":{"line":34,"column":51}},"line":34},"2":{"name":"(anonymous_2)","decl":{"start":{"line":39,"column":50},"end":{"line":39,"column":51}},"loc":{"start":{"line":39,"column":55},"end":{"line":39,"column":62}},"line":39},"3":{"name":"(anonymous_3)","decl":{"start":{"line":46,"column":17},"end":{"line":46,"column":18}},"loc":{"start":{"line":46,"column":23},"end":{"line":46,"column":67}},"line":46},"4":{"name":"(anonymous_4)","decl":{"start":{"line":134,"column":26},"end":{"line":134,"column":27}},"loc":{"start":{"line":135,"column":12},"end":{"line":152,"column":19}},"line":135}},"branchMap":{"0":{"loc":{"start":{"line":33,"column":4},"end":{"line":35,"column":13}},"type":"cond-expr","locations":[{"start":{"line":34,"column":8},"end":{"line":34,"column":55}},{"start":{"line":35,"column":8},"end":{"line":35,"column":13}}],"line":33},"1":{"loc":{"start":{"line":33,"column":4},"end":{"line":33,"column":32}},"type":"binary-expr","locations":[{"start":{"line":33,"column":4},"end":{"line":33,"column":18}},{"start":{"line":33,"column":22},"end":{"line":33,"column":32}}],"line":33},"2":{"loc":{"start":{"line":38,"column":4},"end":{"line":40,"column":21}},"type":"cond-expr","locations":[{"start":{"line":39,"column":8},"end":{"line":39,"column":65}},{"start":{"line":40,"column":8},"end":{"line":40,"column":21}}],"line":38},"3":{"loc":{"start":{"line":38,"column":4},"end":{"line":38,"column":57}},"type":"binary-expr","locations":[{"start":{"line":38,"column":4},"end":{"line":38,"column":18}},{"start":{"line":38,"column":22},"end":{"line":38,"column":32}},{"start":{"line":38,"column":36},"end":{"line":38,"column":57}}],"line":38},"4":{"loc":{"start":{"line":45,"column":23},"end":{"line":45,"column":47}},"type":"cond-expr","locations":[{"start":{"line":45,"column":40},"end":{"line":45,"column":43}},{"start":{"line":45,"column":46},"end":{"line":45,"column":47}}],"line":45},"5":{"loc":{"start":{"line":46,"column":23},"end":{"line":46,"column":67}},"type":"binary-expr","locations":[{"start":{"line":46,"column":23},"end":{"line":46,"column":37}},{"start":{"line":46,"column":41},"end":{"line":46,"column":67}}],"line":46},"6":{"loc":{"start":{"line":50,"column":11},"end":{"line":62,"column":11}},"type":"cond-expr","locations":[{"start":{"line":51,"column":12},"end":{"line":55,"column":14}},{"start":{"line":57,"column":12},"end":{"line":61,"column":14}}],"line":50},"7":{"loc":{"start":{"line":63,"column":11},"end":{"line":69,"column":11}},"type":"binary-expr","locations":[{"start":{"line":63,"column":11},"end":{"line":63,"column":21}},{"start":{"line":64,"column":12},"end":{"line":68,"column":19}}],"line":63},"8":{"loc":{"start":{"line":77,"column":11},"end":{"line":84,"column":11}},"type":"binary-expr","locations":[{"start":{"line":77,"column":11},"end":{"line":77,"column":22}},{"start":{"line":78,"column":12},"end":{"line":83,"column":19}}],"line":77},"9":{"loc":{"start":{"line":88,"column":15},"end":{"line":92,"column":15}},"type":"binary-expr","locations":[{"start":{"line":88,"column":15},"end":{"line":88,"column":29}},{"start":{"line":89,"column":16},"end":{"line":91,"column":23}}],"line":88},"10":{"loc":{"start":{"line":98,"column":13},"end":{"line":123,"column":13}},"type":"cond-expr","locations":[{"start":{"line":99,"column":14},"end":{"line":110,"column":21}},{"start":{"line":112,"column":14},"end":{"line":122,"column":21}}],"line":98},"11":{"loc":{"start":{"line":106,"column":24},"end":{"line":106,"column":66}},"type":"cond-expr","locations":[{"start":{"line":106,"column":37},"end":{"line":106,"column":49}},{"start":{"line":106,"column":52},"end":{"line":106,"column":66}}],"line":106},"12":{"loc":{"start":{"line":114,"column":18},"end":{"line":116,"column":63}},"type":"cond-expr","locations":[{"start":{"line":115,"column":22},"end":{"line":115,"column":53}},{"start":{"line":116,"column":22},"end":{"line":116,"column":63}}],"line":114},"13":{"loc":{"start":{"line":128,"column":7},"end":{"line":155,"column":7}},"type":"binary-expr","locations":[{"start":{"line":128,"column":7},"end":{"line":128,"column":21}},{"start":{"line":128,"column":25},"end":{"line":128,"column":35}},{"start":{"line":128,"column":39},"end":{"line":128,"column":49}},{"start":{"line":129,"column":8},"end":{"line":154,"column":24}}],"line":128},"14":{"loc":{"start":{"line":136,"column":19},"end":{"line":136,"column":32}},"type":"binary-expr","locations":[{"start":{"line":136,"column":19},"end":{"line":136,"column":23}},{"start":{"line":136,"column":27},"end":{"line":136,"column":32}}],"line":136}},"s":{"0":5,"1":5,"2":4,"3":5,"4":4,"5":5,"6":1,"7":1},"f":{"0":5,"1":4,"2":4,"3":1,"4":1},"b":{"0":[3,2],"1":[5,3],"2":[3,2],"3":[5,3,3],"4":[3,2],"5":[1,1],"6":[0,5],"7":[5,1],"8":[5,0],"9":[5,3],"10":[3,2],"11":[1,2],"12":[1,1],"13":[5,3,1,1],"14":[1,0]},"_coverageSchema":"1a1c01bbd47fc00a2c39e90264f33305004495a9","hash":"2cae1ea77849b7be4eb4b0b8d75a2e99f2962100"}
,"/home/aleydon/Dev/Linda-Vendas/src/components/ProductForm.tsx": {"path":"/home/aleydon/Dev/Linda-Vendas/src/components/ProductForm.tsx","statementMap":{"0":{"start":{"line":34,"column":17},"end":{"line":34,"column":28}},"1":{"start":{"line":35,"column":38},"end":{"line":35,"column":53}},"2":{"start":{"line":61,"column":6},"end":{"line":61,"column":47}},"3":{"start":{"line":63,"column":2},"end":{"line":185,"column":4}},"4":{"start":{"line":68,"column":43},"end":{"line":68,"column":56}}},"fnMap":{"0":{"name":"ProductForm","decl":{"start":{"line":29,"column":16},"end":{"line":29,"column":27}},"loc":{"start":{"line":33,"column":40},"end":{"line":186,"column":1}},"line":33},"1":{"name":"(anonymous_1)","decl":{"start":{"line":68,"column":37},"end":{"line":68,"column":38}},"loc":{"start":{"line":68,"column":43},"end":{"line":68,"column":56}},"line":68}},"branchMap":{"0":{"loc":{"start":{"line":72,"column":21},"end":{"line":72,"column":67}},"type":"cond-expr","locations":[{"start":{"line":72,"column":46},"end":{"line":72,"column":55}},{"start":{"line":72,"column":58},"end":{"line":72,"column":67}}],"line":72},"1":{"loc":{"start":{"line":80,"column":20},"end":{"line":80,"column":51}},"type":"cond-expr","locations":[{"start":{"line":80,"column":34},"end":{"line":80,"column":42}},{"start":{"line":80,"column":45},"end":{"line":80,"column":51}}],"line":80},"2":{"loc":{"start":{"line":82,"column":21},"end":{"line":82,"column":67}},"type":"cond-expr","locations":[{"start":{"line":82,"column":46},"end":{"line":82,"column":55}},{"start":{"line":82,"column":58},"end":{"line":82,"column":67}}],"line":82},"3":{"loc":{"start":{"line":97,"column":25},"end":{"line":97,"column":72}},"type":"cond-expr","locations":[{"start":{"line":97,"column":39},"end":{"line":97,"column":60}},{"start":{"line":97,"column":63},"end":{"line":97,"column":72}}],"line":97},"4":{"loc":{"start":{"line":128,"column":15},"end":{"line":144,"column":15}},"type":"binary-expr","locations":[{"start":{"line":128,"column":15},"end":{"line":128,"column":29}},{"start":{"line":129,"column":16},"end":{"line":143,"column":23}}],"line":128},"5":{"loc":{"start":{"line":163,"column":22},"end":{"line":163,"column":45}},"type":"binary-expr","locations":[{"start":{"line":163,"column":22},"end":{"line":163,"column":30}},{"start":{"line":163,"column":34},"end":{"line":163,"column":45}}],"line":163},"6":{"loc":{"start":{"line":167,"column":13},"end":{"line":180,"column":13}},"type":"cond-expr","locations":[{"start":{"line":168,"column":14},"end":{"line":168,"column":49}},{"start":{"line":170,"column":14},"end":{"line":179,"column":17}}],"line":167},"7":{"loc":{"start":{"line":177,"column":19},"end":{"line":177,"column":70}},"type":"cond-expr","locations":[{"start":{"line":177,"column":33},"end":{"line":177,"column":52}},{"start":{"line":177,"column":55},"end":{"line":177,"column":70}}],"line":177}},"s":{"0":4,"1":4,"2":4,"3":4,"4":0},"f":{"0":4,"1":0},"b":{"0":[0,4],"1":[1,3],"2":[0,4],"3":[1,3],"4":[4,4],"5":[4,3],"6":[1,3],"7":[1,2]},"_coverageSchema":"1a1c01bbd47fc00a2c39e90264f33305004495a9","hash":"b36e7c09dfb3ae5d21b02d61fbc8720a20380650"}
,"/home/aleydon/Dev/Linda-Vendas/src/components/SaleProductItem.tsx": {"path":"/home/aleydon/Dev/Linda-Vendas/src/components/SaleProductItem.tsx","statementMap":{"0":{"start":{"line":25,"column":26},"end":{"line":25,"column":41}},"1":{"start":{"line":26,"column":38},"end":{"line":26,"column":53}},"2":{"start":{"line":29,"column":2},"end":{"line":39,"column":26}},"3":{"start":{"line":30,"column":4},"end":{"line":38,"column":5}},"4":{"start":{"line":31,"column":25},"end":{"line":31,"column":50}},"5":{"start":{"line":32,"column":23},"end":{"line":34,"column":7}},"6":{"start":{"line":33,"column":8},"end":{"line":33,"column":49}},"7":{"start":{"line":35,"column":6},"end":{"line":37,"column":7}},"8":{"start":{"line":36,"column":8},"end":{"line":36,"column":28}},"9":{"start":{"line":41,"column":22},"end":{"line":46,"column":3}},"10":{"start":{"line":42,"column":18},"end":{"line":44,"column":5}},"11":{"start":{"line":43,"column":11},"end":{"line":43,"column":67}},"12":{"start":{"line":45,"column":4},"end":{"line":45,"column":32}},"13":{"start":{"line":48,"column":2},"end":{"line":195,"column":4}},"14":{"start":{"line":52,"column":23},"end":{"line":52,"column":72}},"15":{"start":{"line":104,"column":29},"end":{"line":104,"column":58}},"16":{"start":{"line":118,"column":29},"end":{"line":118,"column":57}},"17":{"start":{"line":135,"column":12},"end":{"line":190,"column":19}},"18":{"start":{"line":157,"column":33},"end":{"line":157,"column":68}},"19":{"start":{"line":172,"column":33},"end":{"line":172,"column":67}}},"fnMap":{"0":{"name":"SaleProductItem","decl":{"start":{"line":19,"column":16},"end":{"line":19,"column":31}},"loc":{"start":{"line":24,"column":25},"end":{"line":196,"column":1}},"line":24},"1":{"name":"(anonymous_1)","decl":{"start":{"line":29,"column":12},"end":{"line":29,"column":13}},"loc":{"start":{"line":29,"column":18},"end":{"line":39,"column":3}},"line":29},"2":{"name":"(anonymous_2)","decl":{"start":{"line":32,"column":45},"end":{"line":32,"column":46}},"loc":{"start":{"line":33,"column":8},"end":{"line":33,"column":49}},"line":33},"3":{"name":"(anonymous_3)","decl":{"start":{"line":41,"column":22},"end":{"line":41,"column":23}},"loc":{"start":{"line":41,"column":48},"end":{"line":46,"column":3}},"line":41},"4":{"name":"(anonymous_4)","decl":{"start":{"line":43,"column":6},"end":{"line":43,"column":7}},"loc":{"start":{"line":43,"column":11},"end":{"line":43,"column":67}},"line":43},"5":{"name":"(anonymous_5)","decl":{"start":{"line":52,"column":17},"end":{"line":52,"column":18}},"loc":{"start":{"line":52,"column":23},"end":{"line":52,"column":72}},"line":52},"6":{"name":"(anonymous_6)","decl":{"start":{"line":104,"column":23},"end":{"line":104,"column":24}},"loc":{"start":{"line":104,"column":29},"end":{"line":104,"column":58}},"line":104},"7":{"name":"(anonymous_7)","decl":{"start":{"line":118,"column":23},"end":{"line":118,"column":24}},"loc":{"start":{"line":118,"column":29},"end":{"line":118,"column":57}},"line":118},"8":{"name":"(anonymous_8)","decl":{"start":{"line":134,"column":31},"end":{"line":134,"column":32}},"loc":{"start":{"line":135,"column":12},"end":{"line":190,"column":19}},"line":135},"9":{"name":"(anonymous_9)","decl":{"start":{"line":157,"column":27},"end":{"line":157,"column":28}},"loc":{"start":{"line":157,"column":33},"end":{"line":157,"column":68}},"line":157},"10":{"name":"(anonymous_10)","decl":{"start":{"line":172,"column":27},"end":{"line":172,"column":28}},"loc":{"start":{"line":172,"column":33},"end":{"line":172,"column":67}},"line":172}},"branchMap":{"0":{"loc":{"start":{"line":23,"column":2},"end":{"line":23,"column":18}},"type":"default-arg","locations":[{"start":{"line":23,"column":16},"end":{"line":23,"column":18}}],"line":23},"1":{"loc":{"start":{"line":30,"column":4},"end":{"line":38,"column":5}},"type":"if","locations":[{"start":{"line":30,"column":4},"end":{"line":38,"column":5}},{"start":{},"end":{}}],"line":30},"2":{"loc":{"start":{"line":30,"column":8},"end":{"line":30,"column":54}},"type":"binary-expr","locations":[{"start":{"line":30,"column":8},"end":{"line":30,"column":31}},{"start":{"line":30,"column":35},"end":{"line":30,"column":54}}],"line":30},"3":{"loc":{"start":{"line":35,"column":6},"end":{"line":37,"column":7}},"type":"if","locations":[{"start":{"line":35,"column":6},"end":{"line":37,"column":7}},{"start":{},"end":{}}],"line":35},"4":{"loc":{"start":{"line":43,"column":11},"end":{"line":43,"column":67}},"type":"binary-expr","locations":[{"start":{"line":43,"column":11},"end":{"line":43,"column":34}},{"start":{"line":43,"column":38},"end":{"line":43,"column":67}}],"line":43},"5":{"loc":{"start":{"line":45,"column":11},"end":{"line":45,"column":31}},"type":"binary-expr","locations":[{"start":{"line":45,"column":11},"end":{"line":45,"column":26}},{"start":{"line":45,"column":30},"end":{"line":45,"column":31}}],"line":45},"6":{"loc":{"start":{"line":51,"column":23},"end":{"line":51,"column":52}},"type":"cond-expr","locations":[{"start":{"line":51,"column":45},"end":{"line":51,"column":48}},{"start":{"line":51,"column":51},"end":{"line":51,"column":52}}],"line":51},"7":{"loc":{"start":{"line":52,"column":23},"end":{"line":52,"column":72}},"type":"binary-expr","locations":[{"start":{"line":52,"column":23},"end":{"line":52,"column":42}},{"start":{"line":52,"column":46},"end":{"line":52,"column":72}}],"line":52},"8":{"loc":{"start":{"line":56,"column":11},"end":{"line":68,"column":11}},"type":"cond-expr","locations":[{"start":{"line":57,"column":12},"end":{"line":61,"column":14}},{"start":{"line":63,"column":12},"end":{"line":67,"column":14}}],"line":56},"9":{"loc":{"start":{"line":66,"column":21},"end":{"line":66,"column":67}},"type":"cond-expr","locations":[{"start":{"line":66,"column":46},"end":{"line":66,"column":55}},{"start":{"line":66,"column":58},"end":{"line":66,"column":67}}],"line":66},"10":{"loc":{"start":{"line":78,"column":11},"end":{"line":98,"column":11}},"type":"cond-expr","locations":[{"start":{"line":79,"column":12},"end":{"line":86,"column":15}},{"start":{"line":88,"column":12},"end":{"line":97,"column":19}}],"line":78},"11":{"loc":{"start":{"line":90,"column":17},"end":{"line":90,"column":45}},"type":"binary-expr","locations":[{"start":{"line":90,"column":17},"end":{"line":90,"column":40}},{"start":{"line":90,"column":44},"end":{"line":90,"column":45}}],"line":90},"12":{"loc":{"start":{"line":93,"column":22},"end":{"line":93,"column":64}},"type":"cond-expr","locations":[{"start":{"line":93,"column":35},"end":{"line":93,"column":47}},{"start":{"line":93,"column":50},"end":{"line":93,"column":64}}],"line":93},"13":{"loc":{"start":{"line":95,"column":23},"end":{"line":95,"column":69}},"type":"cond-expr","locations":[{"start":{"line":95,"column":48},"end":{"line":95,"column":57}},{"start":{"line":95,"column":60},"end":{"line":95,"column":69}}],"line":95},"14":{"loc":{"start":{"line":101,"column":9},"end":{"line":129,"column":9}},"type":"binary-expr","locations":[{"start":{"line":101,"column":9},"end":{"line":101,"column":29}},{"start":{"line":102,"column":10},"end":{"line":128,"column":17}}],"line":101},"15":{"loc":{"start":{"line":111,"column":23},"end":{"line":111,"column":69}},"type":"cond-expr","locations":[{"start":{"line":111,"column":48},"end":{"line":111,"column":57}},{"start":{"line":111,"column":60},"end":{"line":111,"column":69}}],"line":111},"16":{"loc":{"start":{"line":125,"column":23},"end":{"line":125,"column":69}},"type":"cond-expr","locations":[{"start":{"line":125,"column":48},"end":{"line":125,"column":57}},{"start":{"line":125,"column":60},"end":{"line":125,"column":69}}],"line":125},"17":{"loc":{"start":{"line":132,"column":7},"end":{"line":193,"column":7}},"type":"binary-expr","locations":[{"start":{"line":132,"column":7},"end":{"line":132,"column":26}},{"start":{"line":132,"column":30},"end":{"line":132,"column":40}},{"start":{"line":132,"column":44},"end":{"line":132,"column":59}},{"start":{"line":133,"column":8},"end":{"line":192,"column":15}}],"line":132},"18":{"loc":{"start":{"line":153,"column":18},"end":{"line":153,"column":50}},"type":"cond-expr","locations":[{"start":{"line":153,"column":33},"end":{"line":153,"column":45}},{"start":{"line":153,"column":48},"end":{"line":153,"column":50}}],"line":153},"19":{"loc":{"start":{"line":165,"column":27},"end":{"line":165,"column":73}},"type":"cond-expr","locations":[{"start":{"line":165,"column":52},"end":{"line":165,"column":61}},{"start":{"line":165,"column":64},"end":{"line":165,"column":73}}],"line":165},"20":{"loc":{"start":{"line":173,"column":28},"end":{"line":173,"column":72}},"type":"binary-expr","locations":[{"start":{"line":173,"column":28},"end":{"line":173,"column":40}},{"start":{"line":173,"column":44},"end":{"line":173,"column":72}}],"line":173},"21":{"loc":{"start":{"line":181,"column":22},"end":{"line":185,"column":37}},"type":"cond-expr","locations":[{"start":{"line":182,"column":26},"end":{"line":182,"column":35}},{"start":{"line":183,"column":26},"end":{"line":185,"column":37}}],"line":181},"22":{"loc":{"start":{"line":181,"column":22},"end":{"line":181,"column":66}},"type":"binary-expr","locations":[{"start":{"line":181,"column":22},"end":{"line":181,"column":34}},{"start":{"line":181,"column":38},"end":{"line":181,"column":66}}],"line":181},"23":{"loc":{"start":{"line":183,"column":26},"end":{"line":185,"column":37}},"type":"cond-expr","locations":[{"start":{"line":184,"column":28},"end":{"line":184,"column":37}},{"start":{"line":185,"column":28},"end":{"line":185,"column":37}}],"line":183}},"s":{"0":6,"1":6,"2":6,"3":4,"4":0,"5":0,"6":0,"7":0,"8":0,"9":6,"10":10,"11":5,"12":10,"13":6,"14":2,"15":1,"16":1,"17":4,"18":0,"19":0},"f":{"0":6,"1":4,"2":0,"3":10,"4":5,"5":2,"6":1,"7":1,"8":4,"9":0,"10":0},"b":{"0":[6],"1":[0,4],"2":[4,0],"3":[0,0],"4":[5,5],"5":[10,6],"6":[4,2],"7":[2,2],"8":[0,6],"9":[0,6],"10":[2,4],"11":[4,0],"12":[2,2],"13":[0,4],"14":[6,2],"15":[0,2],"16":[0,2],"17":[6,4,2,2],"18":[2,2],"19":[0,4],"20":[4,2],"21":[3,1],"22":[4,2],"23":[0,1]},"_coverageSchema":"1a1c01bbd47fc00a2c39e90264f33305004495a9","hash":"e0e68ba1dd24133845d223df128d6ddaff7a86cb"}
,"/home/aleydon/Dev/Linda-Vendas/src/components/product/CategoryPicker.tsx": {"path":"/home/aleydon/Dev/Linda-Vendas/src/components/product/CategoryPicker.tsx","statementMap":{"0":{"start":{"line":31,"column":48},"end":{"line":31,"column":63}},"1":{"start":{"line":32,"column":27},"end":{"line":32,"column":76}},"2":{"start":{"line":32,"column":48},"end":{"line":32,"column":75}},"3":{"start":{"line":34,"column":38},"end":{"line":34,"column":50}},"4":{"start":{"line":35,"column":34},"end":{"line":35,"column":49}},"5":{"start":{"line":36,"column":58},"end":{"line":38,"column":9}},"6":{"start":{"line":40,"column":2},"end":{"line":51,"column":76}},"7":{"start":{"line":41,"column":4},"end":{"line":50,"column":5}},"8":{"start":{"line":42,"column":20},"end":{"line":44,"column":7}},"9":{"start":{"line":43,"column":13},"end":{"line":43,"column":72}},"10":{"start":{"line":45,"column":6},"end":{"line":49,"column":7}},"11":{"start":{"line":46,"column":8},"end":{"line":46,"column":35}},"12":{"start":{"line":47,"column":8},"end":{"line":47,"column":38}},"13":{"start":{"line":48,"column":8},"end":{"line":48,"column":31}},"14":{"start":{"line":53,"column":31},"end":{"line":68,"column":3}},"15":{"start":{"line":54,"column":25},"end":{"line":54,"column":42}},"16":{"start":{"line":55,"column":4},"end":{"line":55,"column":30}},"17":{"start":{"line":55,"column":23},"end":{"line":55,"column":30}},"18":{"start":{"line":57,"column":4},"end":{"line":57,"column":22}},"19":{"start":{"line":58,"column":4},"end":{"line":67,"column":5}},"20":{"start":{"line":59,"column":6},"end":{"line":59,"column":44}},"21":{"start":{"line":60,"column":6},"end":{"line":60,"column":38}},"22":{"start":{"line":61,"column":6},"end":{"line":61,"column":24}},"23":{"start":{"line":63,"column":6},"end":{"line":63,"column":66}},"24":{"start":{"line":64,"column":6},"end":{"line":64,"column":36}},"25":{"start":{"line":66,"column":6},"end":{"line":66,"column":25}},"26":{"start":{"line":70,"column":2},"end":{"line":196,"column":4}},"27":{"start":{"line":76,"column":23},"end":{"line":76,"column":44}},"28":{"start":{"line":100,"column":30},"end":{"line":100,"column":52}},"29":{"start":{"line":104,"column":25},"end":{"line":104,"column":47}},"30":{"start":{"line":111,"column":47},"end":{"line":111,"column":69}},"31":{"start":{"line":153,"column":36},"end":{"line":153,"column":43}},"32":{"start":{"line":155,"column":16},"end":{"line":182,"column":35}},"33":{"start":{"line":157,"column":20},"end":{"line":157,"column":46}},"34":{"start":{"line":158,"column":20},"end":{"line":158,"column":43}},"35":{"start":{"line":185,"column":16},"end":{"line":189,"column":23}}},"fnMap":{"0":{"name":"CategoryPicker","decl":{"start":{"line":24,"column":16},"end":{"line":24,"column":30}},"loc":{"start":{"line":30,"column":24},"end":{"line":197,"column":1}},"line":30},"1":{"name":"(anonymous_1)","decl":{"start":{"line":32,"column":43},"end":{"line":32,"column":44}},"loc":{"start":{"line":32,"column":48},"end":{"line":32,"column":75}},"line":32},"2":{"name":"(anonymous_2)","decl":{"start":{"line":40,"column":12},"end":{"line":40,"column":13}},"loc":{"start":{"line":40,"column":18},"end":{"line":51,"column":3}},"line":40},"3":{"name":"(anonymous_3)","decl":{"start":{"line":43,"column":8},"end":{"line":43,"column":9}},"loc":{"start":{"line":43,"column":13},"end":{"line":43,"column":72}},"line":43},"4":{"name":"(anonymous_4)","decl":{"start":{"line":53,"column":31},"end":{"line":53,"column":32}},"loc":{"start":{"line":53,"column":43},"end":{"line":68,"column":3}},"line":53},"5":{"name":"(anonymous_5)","decl":{"start":{"line":76,"column":17},"end":{"line":76,"column":18}},"loc":{"start":{"line":76,"column":23},"end":{"line":76,"column":44}},"line":76},"6":{"name":"(anonymous_6)","decl":{"start":{"line":100,"column":24},"end":{"line":100,"column":25}},"loc":{"start":{"line":100,"column":30},"end":{"line":100,"column":52}},"line":100},"7":{"name":"(anonymous_7)","decl":{"start":{"line":104,"column":19},"end":{"line":104,"column":20}},"loc":{"start":{"line":104,"column":25},"end":{"line":104,"column":47}},"line":104},"8":{"name":"(anonymous_8)","decl":{"start":{"line":111,"column":41},"end":{"line":111,"column":42}},"loc":{"start":{"line":111,"column":47},"end":{"line":111,"column":69}},"line":111},"9":{"name":"(anonymous_9)","decl":{"start":{"line":153,"column":28},"end":{"line":153,"column":29}},"loc":{"start":{"line":153,"column":36},"end":{"line":153,"column":43}},"line":153},"10":{"name":"(anonymous_10)","decl":{"start":{"line":154,"column":26},"end":{"line":154,"column":27}},"loc":{"start":{"line":155,"column":16},"end":{"line":182,"column":35}},"line":155},"11":{"name":"(anonymous_11)","decl":{"start":{"line":156,"column":27},"end":{"line":156,"column":28}},"loc":{"start":{"line":156,"column":33},"end":{"line":159,"column":19}},"line":156},"12":{"name":"(anonymous_12)","decl":{"start":{"line":184,"column":34},"end":{"line":184,"column":35}},"loc":{"start":{"line":185,"column":16},"end":{"line":189,"column":23}},"line":185}},"branchMap":{"0":{"loc":{"start":{"line":41,"column":4},"end":{"line":50,"column":5}},"type":"if","locations":[{"start":{"line":41,"column":4},"end":{"line":50,"column":5}},{"start":{},"end":{}}],"line":41},"1":{"loc":{"start":{"line":45,"column":6},"end":{"line":49,"column":7}},"type":"if","locations":[{"start":{"line":45,"column":6},"end":{"line":49,"column":7}},{"start":{},"end":{}}],"line":45},"2":{"loc":{"start":{"line":55,"column":4},"end":{"line":55,"column":30}},"type":"if","locations":[{"start":{"line":55,"column":4},"end":{"line":55,"column":30}},{"start":{},"end":{}}],"line":55},"3":{"loc":{"start":{"line":82,"column":12},"end":{"line":84,"column":52}},"type":"cond-expr","locations":[{"start":{"line":83,"column":16},"end":{"line":83,"column":66}},{"start":{"line":84,"column":16},"end":{"line":84,"column":52}}],"line":82},"4":{"loc":{"start":{"line":87,"column":11},"end":{"line":87,"column":79}},"type":"cond-expr","locations":[{"start":{"line":87,"column":30},"end":{"line":87,"column":51}},{"start":{"line":87,"column":54},"end":{"line":87,"column":79}}],"line":87},"5":{"loc":{"start":{"line":92,"column":17},"end":{"line":92,"column":63}},"type":"cond-expr","locations":[{"start":{"line":92,"column":42},"end":{"line":92,"column":51}},{"start":{"line":92,"column":54},"end":{"line":92,"column":63}}],"line":92},"6":{"loc":{"start":{"line":115,"column":25},"end":{"line":115,"column":71}},"type":"cond-expr","locations":[{"start":{"line":115,"column":50},"end":{"line":115,"column":59}},{"start":{"line":115,"column":62},"end":{"line":115,"column":71}}],"line":115},"7":{"loc":{"start":{"line":120,"column":13},"end":{"line":149,"column":13}},"type":"binary-expr","locations":[{"start":{"line":120,"column":13},"end":{"line":120,"column":20}},{"start":{"line":121,"column":14},"end":{"line":148,"column":21}}],"line":120},"8":{"loc":{"start":{"line":126,"column":20},"end":{"line":126,"column":66}},"type":"cond-expr","locations":[{"start":{"line":126,"column":45},"end":{"line":126,"column":54}},{"start":{"line":126,"column":57},"end":{"line":126,"column":66}}],"line":126},"9":{"loc":{"start":{"line":138,"column":19},"end":{"line":146,"column":19}},"type":"cond-expr","locations":[{"start":{"line":139,"column":20},"end":{"line":139,"column":68}},{"start":{"line":141,"column":20},"end":{"line":145,"column":22}}],"line":138},"10":{"loc":{"start":{"line":161,"column":20},"end":{"line":163,"column":26}},"type":"cond-expr","locations":[{"start":{"line":162,"column":24},"end":{"line":162,"column":60}},{"start":{"line":163,"column":24},"end":{"line":163,"column":26}}],"line":161},"11":{"loc":{"start":{"line":168,"column":22},"end":{"line":170,"column":64}},"type":"cond-expr","locations":[{"start":{"line":169,"column":26},"end":{"line":169,"column":71}},{"start":{"line":170,"column":26},"end":{"line":170,"column":64}}],"line":168},"12":{"loc":{"start":{"line":175,"column":19},"end":{"line":181,"column":19}},"type":"binary-expr","locations":[{"start":{"line":175,"column":19},"end":{"line":175,"column":49}},{"start":{"line":176,"column":20},"end":{"line":180,"column":22}}],"line":175},"13":{"loc":{"start":{"line":179,"column":29},"end":{"line":179,"column":75}},"type":"cond-expr","locations":[{"start":{"line":179,"column":54},"end":{"line":179,"column":63}},{"start":{"line":179,"column":66},"end":{"line":179,"column":75}}],"line":179}},"s":{"0":4,"1":4,"2":0,"3":4,"4":4,"5":4,"6":4,"7":4,"8":0,"9":0,"10":0,"11":0,"12":0,"13":0,"14":4,"15":0,"16":0,"17":0,"18":0,"19":0,"20":0,"21":0,"22":0,"23":0,"24":0,"25":0,"26":4,"27":0,"28":0,"29":0,"30":0,"31":0,"32":0,"33":0,"34":0,"35":0},"f":{"0":4,"1":0,"2":4,"3":0,"4":0,"5":0,"6":0,"7":0,"8":0,"9":0,"10":0,"11":0,"12":0},"b":{"0":[0,4],"1":[0,0],"2":[0,0],"3":[0,4],"4":[0,4],"5":[0,4],"6":[0,4],"7":[4,0],"8":[0,0],"9":[0,0],"10":[0,0],"11":[0,0],"12":[0,0],"13":[0,0]},"_coverageSchema":"1a1c01bbd47fc00a2c39e90264f33305004495a9","hash":"6d658a5dfbef7b69550723b3ec9d52ebcb70bfe6"}
,"/home/aleydon/Dev/Linda-Vendas/src/components/product/ProductImagePicker.tsx": {"path":"/home/aleydon/Dev/Linda-Vendas/src/components/product/ProductImagePicker.tsx","statementMap":{"0":{"start":{"line":26,"column":26},"end":{"line":26,"column":41}},"1":{"start":{"line":28,"column":2},"end":{"line":83,"column":4}}},"fnMap":{"0":{"name":"ProductImagePicker","decl":{"start":{"line":20,"column":16},"end":{"line":20,"column":34}},"loc":{"start":{"line":25,"column":28},"end":{"line":84,"column":1}},"line":25}},"branchMap":{"0":{"loc":{"start":{"line":36,"column":9},"end":{"line":68,"column":9}},"type":"cond-expr","locations":[{"start":{"line":37,"column":10},"end":{"line":41,"column":12}},{"start":{"line":43,"column":10},"end":{"line":67,"column":17}}],"line":36},"1":{"loc":{"start":{"line":44,"column":13},"end":{"line":59,"column":13}},"type":"cond-expr","locations":[{"start":{"line":45,"column":14},"end":{"line":47,"column":16}},{"start":{"line":49,"column":14},"end":{"line":58,"column":21}}],"line":44},"2":{"loc":{"start":{"line":46,"column":23},"end":{"line":46,"column":69}},"type":"cond-expr","locations":[{"start":{"line":46,"column":48},"end":{"line":46,"column":57}},{"start":{"line":46,"column":60},"end":{"line":46,"column":69}}],"line":46},"3":{"loc":{"start":{"line":53,"column":25},"end":{"line":53,"column":71}},"type":"cond-expr","locations":[{"start":{"line":53,"column":50},"end":{"line":53,"column":59}},{"start":{"line":53,"column":62},"end":{"line":53,"column":71}}],"line":53},"4":{"loc":{"start":{"line":60,"column":13},"end":{"line":66,"column":13}},"type":"binary-expr","locations":[{"start":{"line":60,"column":13},"end":{"line":60,"column":25}},{"start":{"line":61,"column":14},"end":{"line":65,"column":21}}],"line":60},"5":{"loc":{"start":{"line":69,"column":9},"end":{"line":73,"column":9}},"type":"binary-expr","locations":[{"start":{"line":69,"column":9},"end":{"line":69,"column":20}},{"start":{"line":70,"column":10},"end":{"line":72,"column":17}}],"line":69},"6":{"loc":{"start":{"line":74,"column":9},"end":{"line":80,"column":9}},"type":"binary-expr","locations":[{"start":{"line":74,"column":9},"end":{"line":74,"column":32}},{"start":{"line":75,"column":10},"end":{"line":79,"column":17}}],"line":74},"7":{"loc":{"start":{"line":77,"column":15},"end":{"line":77,"column":52}},"type":"cond-expr","locations":[{"start":{"line":77,"column":27},"end":{"line":77,"column":39}},{"start":{"line":77,"column":42},"end":{"line":77,"column":52}}],"line":77}},"s":{"0":4,"1":4},"f":{"0":4},"b":{"0":[0,4],"1":[0,4],"2":[0,0],"3":[0,4],"4":[4,4],"5":[4,0],"6":[4,1],"7":[1,0]},"_coverageSchema":"1a1c01bbd47fc00a2c39e90264f33305004495a9","hash":"ba7f18745c089e20e13f6243ee55f3d1771dfcf1"}
,"/home/aleydon/Dev/Linda-Vendas/src/components/product/VariationSection.tsx": {"path":"/home/aleydon/Dev/Linda-Vendas/src/components/product/VariationSection.tsx","statementMap":{"0":{"start":{"line":39,"column":26},"end":{"line":39,"column":41}},"1":{"start":{"line":41,"column":2},"end":{"line":167,"column":4}},"2":{"start":{"line":77,"column":14},"end":{"line":147,"column":30}},"3":{"start":{"line":90,"column":35},"end":{"line":90,"column":66}},"4":{"start":{"line":108,"column":22},"end":{"line":108,"column":67}},"5":{"start":{"line":123,"column":26},"end":{"line":123,"column":68}},"6":{"start":{"line":136,"column":26},"end":{"line":140,"column":27}}},"fnMap":{"0":{"name":"VariationSection","decl":{"start":{"line":30,"column":16},"end":{"line":30,"column":32}},"loc":{"start":{"line":38,"column":26},"end":{"line":168,"column":1}},"line":38},"1":{"name":"(anonymous_1)","decl":{"start":{"line":76,"column":28},"end":{"line":76,"column":29}},"loc":{"start":{"line":77,"column":14},"end":{"line":147,"column":30}},"line":77},"2":{"name":"(anonymous_2)","decl":{"start":{"line":90,"column":29},"end":{"line":90,"column":30}},"loc":{"start":{"line":90,"column":35},"end":{"line":90,"column":66}},"line":90},"3":{"name":"(anonymous_3)","decl":{"start":{"line":107,"column":34},"end":{"line":107,"column":35}},"loc":{"start":{"line":108,"column":22},"end":{"line":108,"column":67}},"line":108},"4":{"name":"(anonymous_4)","decl":{"start":{"line":122,"column":38},"end":{"line":122,"column":39}},"loc":{"start":{"line":123,"column":26},"end":{"line":123,"column":68}},"line":123},"5":{"name":"(anonymous_5)","decl":{"start":{"line":135,"column":38},"end":{"line":135,"column":39}},"loc":{"start":{"line":136,"column":26},"end":{"line":140,"column":27}},"line":136}},"branchMap":{"0":{"loc":{"start":{"line":56,"column":26},"end":{"line":56,"column":71}},"type":"cond-expr","locations":[{"start":{"line":56,"column":50},"end":{"line":56,"column":59}},{"start":{"line":56,"column":62},"end":{"line":56,"column":71}}],"line":56},"1":{"loc":{"start":{"line":65,"column":7},"end":{"line":165,"column":7}},"type":"binary-expr","locations":[{"start":{"line":65,"column":7},"end":{"line":65,"column":20}},{"start":{"line":66,"column":8},"end":{"line":164,"column":24}}],"line":65},"2":{"loc":{"start":{"line":118,"column":26},"end":{"line":120,"column":32}},"type":"cond-expr","locations":[{"start":{"line":119,"column":30},"end":{"line":119,"column":66}},{"start":{"line":120,"column":30},"end":{"line":120,"column":32}}],"line":118},"3":{"loc":{"start":{"line":133,"column":26},"end":{"line":133,"column":75}},"type":"cond-expr","locations":[{"start":{"line":133,"column":44},"end":{"line":133,"column":70}},{"start":{"line":133,"column":73},"end":{"line":133,"column":75}}],"line":133},"4":{"loc":{"start":{"line":139,"column":28},"end":{"line":139,"column":51}},"type":"binary-expr","locations":[{"start":{"line":139,"column":28},"end":{"line":139,"column":46}},{"start":{"line":139,"column":50},"end":{"line":139,"column":51}}],"line":139},"5":{"loc":{"start":{"line":158,"column":21},"end":{"line":158,"column":67}},"type":"cond-expr","locations":[{"start":{"line":158,"column":46},"end":{"line":158,"column":55}},{"start":{"line":158,"column":58},"end":{"line":158,"column":67}}],"line":158}},"s":{"0":4,"1":4,"2":0,"3":0,"4":0,"5":0,"6":0},"f":{"0":4,"1":0,"2":0,"3":0,"4":0,"5":0},"b":{"0":[4,0],"1":[4,0],"2":[0,0],"3":[0,0],"4":[0,0],"5":[0,0]},"_coverageSchema":"1a1c01bbd47fc00a2c39e90264f33305004495a9","hash":"7559804d529220fc13268a91b89dfcabc8f820cc"}
,"/home/aleydon/Dev/Linda-Vendas/src/hooks/useAppAuth.ts": {"path":"/home/aleydon/Dev/Linda-Vendas/src/hooks/useAppAuth.ts","statementMap":{"0":{"start":{"line":9,"column":0},"end":{"line":9,"column":38}},"1":{"start":{"line":17,"column":26},"end":{"line":17,"column":53}},"2":{"start":{"line":18,"column":32},"end":{"line":18,"column":62}},"3":{"start":{"line":19,"column":46},"end":{"line":19,"column":60}},"4":{"start":{"line":21,"column":18},"end":{"line":21,"column":43}},"5":{"start":{"line":23,"column":23},"end":{"line":48,"column":3}},"6":{"start":{"line":24,"column":4},"end":{"line":47,"column":5}},"7":{"start":{"line":25,"column":30},"end":{"line":29,"column":22}},"8":{"start":{"line":31,"column":6},"end":{"line":34,"column":7}},"9":{"start":{"line":32,"column":8},"end":{"line":32,"column":56}},"10":{"start":{"line":33,"column":8},"end":{"line":33,"column":15}},"11":{"start":{"line":36,"column":6},"end":{"line":40,"column":7}},"12":{"start":{"line":37,"column":8},"end":{"line":37,"column":60}},"13":{"start":{"line":38,"column":8},"end":{"line":38,"column":25}},"14":{"start":{"line":39,"column":8},"end":{"line":39,"column":15}},"15":{"start":{"line":42,"column":6},"end":{"line":42,"column":34}},"16":{"start":{"line":44,"column":6},"end":{"line":44,"column":53}},"17":{"start":{"line":46,"column":6},"end":{"line":46,"column":31}},"18":{"start":{"line":50,"column":27},"end":{"line":106,"column":3}},"19":{"start":{"line":51,"column":4},"end":{"line":105,"column":5}},"20":{"start":{"line":52,"column":26},"end":{"line":54,"column":8}},"21":{"start":{"line":56,"column":6},"end":{"line":56,"column":60}},"22":{"start":{"line":58,"column":30},"end":{"line":63,"column":8}},"23":{"start":{"line":65,"column":6},"end":{"line":65,"column":29}},"24":{"start":{"line":65,"column":17},"end":{"line":65,"column":29}},"25":{"start":{"line":67,"column":6},"end":{"line":101,"column":7}},"26":{"start":{"line":68,"column":23},"end":{"line":71,"column":9}},"27":{"start":{"line":73,"column":8},"end":{"line":73,"column":54}},"28":{"start":{"line":75,"column":8},"end":{"line":100,"column":9}},"29":{"start":{"line":76,"column":25},"end":{"line":76,"column":44}},"30":{"start":{"line":78,"column":29},"end":{"line":78,"column":74}},"31":{"start":{"line":79,"column":30},"end":{"line":79,"column":64}},"32":{"start":{"line":82,"column":12},"end":{"line":82,"column":77}},"33":{"start":{"line":84,"column":12},"end":{"line":84,"column":79}},"34":{"start":{"line":86,"column":10},"end":{"line":99,"column":11}},"35":{"start":{"line":87,"column":44},"end":{"line":90,"column":14}},"36":{"start":{"line":92,"column":12},"end":{"line":92,"column":49}},"37":{"start":{"line":92,"column":30},"end":{"line":92,"column":49}},"38":{"start":{"line":93,"column":12},"end":{"line":93,"column":55}},"39":{"start":{"line":95,"column":12},"end":{"line":98,"column":14}},"40":{"start":{"line":103,"column":6},"end":{"line":103,"column":64}},"41":{"start":{"line":104,"column":6},"end":{"line":104,"column":18}},"42":{"start":{"line":108,"column":18},"end":{"line":110,"column":3}},"43":{"start":{"line":109,"column":4},"end":{"line":109,"column":34}},"44":{"start":{"line":112,"column":24},"end":{"line":126,"column":3}},"45":{"start":{"line":113,"column":4},"end":{"line":113,"column":22}},"46":{"start":{"line":113,"column":15},"end":{"line":113,"column":22}},"47":{"start":{"line":114,"column":4},"end":{"line":125,"column":5}},"48":{"start":{"line":115,"column":24},"end":{"line":118,"column":26}},"49":{"start":{"line":120,"column":6},"end":{"line":120,"column":29}},"50":{"start":{"line":120,"column":17},"end":{"line":120,"column":29}},"51":{"start":{"line":121,"column":6},"end":{"line":121,"column":34}},"52":{"start":{"line":123,"column":6},"end":{"line":123,"column":54}},"53":{"start":{"line":124,"column":6},"end":{"line":124,"column":18}},"54":{"start":{"line":128,"column":2},"end":{"line":195,"column":9}},"55":{"start":{"line":129,"column":54},"end":{"line":129,"column":58}},"56":{"start":{"line":131,"column":37},"end":{"line":152,"column":5}},"57":{"start":{"line":132,"column":6},"end":{"line":134,"column":7}},"58":{"start":{"line":133,"column":8},"end":{"line":133,"column":52}},"59":{"start":{"line":136,"column":6},"end":{"line":151,"column":21}},"60":{"start":{"line":147,"column":12},"end":{"line":147,"column":73}},"61":{"start":{"line":148,"column":12},"end":{"line":148,"column":47}},"62":{"start":{"line":155,"column":4},"end":{"line":166,"column":7}},"63":{"start":{"line":156,"column":26},"end":{"line":156,"column":47}},"64":{"start":{"line":157,"column":6},"end":{"line":157,"column":27}},"65":{"start":{"line":158,"column":6},"end":{"line":165,"column":7}},"66":{"start":{"line":159,"column":8},"end":{"line":159,"column":42}},"67":{"start":{"line":160,"column":8},"end":{"line":160,"column":49}},"68":{"start":{"line":161,"column":8},"end":{"line":161,"column":32}},"69":{"start":{"line":163,"column":8},"end":{"line":163,"column":33}},"70":{"start":{"line":164,"column":8},"end":{"line":164,"column":19}},"71":{"start":{"line":171,"column":8},"end":{"line":187,"column":6}},"72":{"start":{"line":172,"column":26},"end":{"line":172,"column":47}},"73":{"start":{"line":173,"column":6},"end":{"line":173,"column":27}},"74":{"start":{"line":174,"column":6},"end":{"line":186,"column":7}},"75":{"start":{"line":175,"column":8},"end":{"line":175,"column":42}},"76":{"start":{"line":176,"column":8},"end":{"line":176,"column":49}},"77":{"start":{"line":177,"column":8},"end":{"line":177,"column":32}},"78":{"start":{"line":179,"column":8},"end":{"line":182,"column":9}},"79":{"start":{"line":180,"column":10},"end":{"line":180,"column":54}},"80":{"start":{"line":181,"column":10},"end":{"line":181,"column":37}},"81":{"start":{"line":183,"column":8},"end":{"line":183,"column":25}},"82":{"start":{"line":184,"column":8},"end":{"line":184,"column":33}},"83":{"start":{"line":185,"column":8},"end":{"line":185,"column":19}},"84":{"start":{"line":189,"column":4},"end":{"line":194,"column":6}},"85":{"start":{"line":190,"column":6},"end":{"line":190,"column":33}},"86":{"start":{"line":191,"column":6},"end":{"line":193,"column":7}},"87":{"start":{"line":192,"column":8},"end":{"line":192,"column":52}},"88":{"start":{"line":197,"column":2},"end":{"line":205,"column":4}}},"fnMap":{"0":{"name":"useAppAuth","decl":{"start":{"line":16,"column":16},"end":{"line":16,"column":26}},"loc":{"start":{"line":16,"column":67},"end":{"line":206,"column":1}},"line":16},"1":{"name":"(anonymous_1)","decl":{"start":{"line":23,"column":23},"end":{"line":23,"column":24}},"loc":{"start":{"line":23,"column":64},"end":{"line":48,"column":3}},"line":23},"2":{"name":"(anonymous_2)","decl":{"start":{"line":50,"column":27},"end":{"line":50,"column":28}},"loc":{"start":{"line":50,"column":54},"end":{"line":106,"column":3}},"line":50},"3":{"name":"(anonymous_3)","decl":{"start":{"line":108,"column":18},"end":{"line":108,"column":19}},"loc":{"start":{"line":108,"column":45},"end":{"line":110,"column":3}},"line":108},"4":{"name":"(anonymous_4)","decl":{"start":{"line":112,"column":24},"end":{"line":112,"column":25}},"loc":{"start":{"line":112,"column":76},"end":{"line":126,"column":3}},"line":112},"5":{"name":"(anonymous_5)","decl":{"start":{"line":128,"column":12},"end":{"line":128,"column":13}},"loc":{"start":{"line":128,"column":18},"end":{"line":195,"column":3}},"line":128},"6":{"name":"(anonymous_6)","decl":{"start":{"line":131,"column":37},"end":{"line":131,"column":38}},"loc":{"start":{"line":131,"column":57},"end":{"line":152,"column":5}},"line":131},"7":{"name":"(anonymous_7)","decl":{"start":{"line":146,"column":10},"end":{"line":146,"column":11}},"loc":{"start":{"line":146,"column":21},"end":{"line":149,"column":11}},"line":146},"8":{"name":"(anonymous_8)","decl":{"start":{"line":155,"column":36},"end":{"line":155,"column":37}},"loc":{"start":{"line":155,"column":63},"end":{"line":166,"column":5}},"line":155},"9":{"name":"(anonymous_9)","decl":{"start":{"line":171,"column":40},"end":{"line":171,"column":41}},"loc":{"start":{"line":171,"column":61},"end":{"line":187,"column":5}},"line":171},"10":{"name":"(anonymous_10)","decl":{"start":{"line":189,"column":11},"end":{"line":189,"column":12}},"loc":{"start":{"line":189,"column":17},"end":{"line":194,"column":5}},"line":189}},"branchMap":{"0":{"loc":{"start":{"line":31,"column":6},"end":{"line":34,"column":7}},"type":"if","locations":[{"start":{"line":31,"column":6},"end":{"line":34,"column":7}},{"start":{},"end":{}}],"line":31},"1":{"loc":{"start":{"line":36,"column":6},"end":{"line":40,"column":7}},"type":"if","locations":[{"start":{"line":36,"column":6},"end":{"line":40,"column":7}},{"start":{},"end":{}}],"line":36},"2":{"loc":{"start":{"line":65,"column":6},"end":{"line":65,"column":29}},"type":"if","locations":[{"start":{"line":65,"column":6},"end":{"line":65,"column":29}},{"start":{},"end":{}}],"line":65},"3":{"loc":{"start":{"line":67,"column":6},"end":{"line":101,"column":7}},"type":"if","locations":[{"start":{"line":67,"column":6},"end":{"line":101,"column":7}},{"start":{},"end":{}}],"line":67},"4":{"loc":{"start":{"line":75,"column":8},"end":{"line":100,"column":9}},"type":"if","locations":[{"start":{"line":75,"column":8},"end":{"line":100,"column":9}},{"start":{},"end":{}}],"line":75},"5":{"loc":{"start":{"line":75,"column":12},"end":{"line":75,"column":51}},"type":"binary-expr","locations":[{"start":{"line":75,"column":12},"end":{"line":75,"column":37}},{"start":{"line":75,"column":41},"end":{"line":75,"column":51}}],"line":75},"6":{"loc":{"start":{"line":82,"column":12},"end":{"line":82,"column":77}},"type":"binary-expr","locations":[{"start":{"line":82,"column":12},"end":{"line":82,"column":42}},{"start":{"line":82,"column":46},"end":{"line":82,"column":77}}],"line":82},"7":{"loc":{"start":{"line":84,"column":12},"end":{"line":84,"column":79}},"type":"binary-expr","locations":[{"start":{"line":84,"column":12},"end":{"line":84,"column":43}},{"start":{"line":84,"column":47},"end":{"line":84,"column":79}}],"line":84},"8":{"loc":{"start":{"line":86,"column":10},"end":{"line":99,"column":11}},"type":"if","locations":[{"start":{"line":86,"column":10},"end":{"line":99,"column":11}},{"start":{"line":94,"column":17},"end":{"line":99,"column":11}}],"line":86},"9":{"loc":{"start":{"line":86,"column":14},"end":{"line":86,"column":43}},"type":"binary-expr","locations":[{"start":{"line":86,"column":14},"end":{"line":86,"column":26}},{"start":{"line":86,"column":30},"end":{"line":86,"column":43}}],"line":86},"10":{"loc":{"start":{"line":92,"column":12},"end":{"line":92,"column":49}},"type":"if","locations":[{"start":{"line":92,"column":12},"end":{"line":92,"column":49}},{"start":{},"end":{}}],"line":92},"11":{"loc":{"start":{"line":113,"column":4},"end":{"line":113,"column":22}},"type":"if","locations":[{"start":{"line":113,"column":4},"end":{"line":113,"column":22}},{"start":{},"end":{}}],"line":113},"12":{"loc":{"start":{"line":120,"column":6},"end":{"line":120,"column":29}},"type":"if","locations":[{"start":{"line":120,"column":6},"end":{"line":120,"column":29}},{"start":{},"end":{}}],"line":120},"13":{"loc":{"start":{"line":132,"column":6},"end":{"line":134,"column":7}},"type":"if","locations":[{"start":{"line":132,"column":6},"end":{"line":134,"column":7}},{"start":{},"end":{}}],"line":132},"14":{"loc":{"start":{"line":156,"column":26},"end":{"line":156,"column":47}},"type":"binary-expr","locations":[{"start":{"line":156,"column":26},"end":{"line":156,"column":39}},{"start":{"line":156,"column":43},"end":{"line":156,"column":47}}],"line":156},"15":{"loc":{"start":{"line":158,"column":6},"end":{"line":165,"column":7}},"type":"if","locations":[{"start":{"line":158,"column":6},"end":{"line":165,"column":7}},{"start":{"line":162,"column":13},"end":{"line":165,"column":7}}],"line":158},"16":{"loc":{"start":{"line":172,"column":26},"end":{"line":172,"column":47}},"type":"binary-expr","locations":[{"start":{"line":172,"column":26},"end":{"line":172,"column":39}},{"start":{"line":172,"column":43},"end":{"line":172,"column":47}}],"line":172},"17":{"loc":{"start":{"line":174,"column":6},"end":{"line":186,"column":7}},"type":"if","locations":[{"start":{"line":174,"column":6},"end":{"line":186,"column":7}},{"start":{"line":178,"column":13},"end":{"line":186,"column":7}}],"line":174},"18":{"loc":{"start":{"line":179,"column":8},"end":{"line":182,"column":9}},"type":"if","locations":[{"start":{"line":179,"column":8},"end":{"line":182,"column":9}},{"start":{},"end":{}}],"line":179},"19":{"loc":{"start":{"line":191,"column":6},"end":{"line":193,"column":7}},"type":"if","locations":[{"start":{"line":191,"column":6},"end":{"line":193,"column":7}},{"start":{},"end":{}}],"line":191}},"s":{"0":1,"1":6,"2":6,"3":6,"4":6,"5":6,"6":1,"7":1,"8":1,"9":0,"10":0,"11":1,"12":0,"13":0,"14":0,"15":1,"16":0,"17":1,"18":6,"19":0,"20":0,"21":0,"22":0,"23":0,"24":0,"25":0,"26":0,"27":0,"28":0,"29":0,"30":0,"31":0,"32":0,"33":0,"34":0,"35":0,"36":0,"37":0,"38":0,"39":0,"40":0,"41":0,"42":6,"43":1,"44":6,"45":0,"46":0,"47":0,"48":0,"49":0,"50":0,"51":0,"52":0,"53":0,"54":6,"55":3,"56":3,"57":1,"58":0,"59":1,"60":0,"61":0,"62":3,"63":3,"64":3,"65":3,"66":1,"67":1,"68":1,"69":2,"70":2,"71":3,"72":0,"73":0,"74":0,"75":0,"76":0,"77":0,"78":0,"79":0,"80":0,"81":0,"82":0,"83":0,"84":3,"85":3,"86":3,"87":0,"88":6},"f":{"0":6,"1":1,"2":0,"3":1,"4":0,"5":3,"6":1,"7":0,"8":3,"9":0,"10":3},"b":{"0":[0,1],"1":[0,1],"2":[0,0],"3":[0,0],"4":[0,0],"5":[0,0],"6":[0,0],"7":[0,0],"8":[0,0],"9":[0,0],"10":[0,0],"11":[0,0],"12":[0,0],"13":[0,1],"14":[3,2],"15":[1,2],"16":[0,0],"17":[0,0],"18":[0,0],"19":[0,3]},"_coverageSchema":"1a1c01bbd47fc00a2c39e90264f33305004495a9","hash":"16e96d5008199b586f16df64f1c6007371cb170c"}
,"/home/aleydon/Dev/Linda-Vendas/src/hooks/useAppProducts.ts": {"path":"/home/aleydon/Dev/Linda-Vendas/src/hooks/useAppProducts.ts","statementMap":{"0":{"start":{"line":12,"column":34},"end":{"line":12,"column":57}},"1":{"start":{"line":14,"column":24},"end":{"line":21,"column":3}},"2":{"start":{"line":15,"column":4},"end":{"line":20,"column":5}},"3":{"start":{"line":16,"column":19},"end":{"line":16,"column":44}},"4":{"start":{"line":17,"column":6},"end":{"line":17,"column":24}},"5":{"start":{"line":19,"column":6},"end":{"line":19,"column":55}},"6":{"start":{"line":23,"column":21},"end":{"line":33,"column":3}},"7":{"start":{"line":26,"column":4},"end":{"line":26,"column":50}},"8":{"start":{"line":26,"column":18},"end":{"line":26,"column":50}},"9":{"start":{"line":27,"column":4},"end":{"line":32,"column":5}},"10":{"start":{"line":28,"column":6},"end":{"line":28,"column":36}},"11":{"start":{"line":29,"column":6},"end":{"line":29,"column":26}},"12":{"start":{"line":31,"column":6},"end":{"line":31,"column":52}},"13":{"start":{"line":35,"column":24},"end":{"line":46,"column":3}},"14":{"start":{"line":39,"column":4},"end":{"line":39,"column":50}},"15":{"start":{"line":39,"column":18},"end":{"line":39,"column":50}},"16":{"start":{"line":40,"column":4},"end":{"line":45,"column":5}},"17":{"start":{"line":41,"column":6},"end":{"line":41,"column":50}},"18":{"start":{"line":42,"column":6},"end":{"line":42,"column":26}},"19":{"start":{"line":44,"column":6},"end":{"line":44,"column":54}},"20":{"start":{"line":48,"column":22},"end":{"line":57,"column":3}},"21":{"start":{"line":52,"column":20},"end":{"line":52,"column":58}},"22":{"start":{"line":52,"column":39},"end":{"line":52,"column":57}},"23":{"start":{"line":53,"column":4},"end":{"line":53,"column":25}},"24":{"start":{"line":53,"column":18},"end":{"line":53,"column":25}},"25":{"start":{"line":55,"column":21},"end":{"line":55,"column":55}},"26":{"start":{"line":56,"column":4},"end":{"line":56,"column":56}},"27":{"start":{"line":59,"column":21},"end":{"line":61,"column":3}},"28":{"start":{"line":60,"column":4},"end":{"line":60,"column":49}},"29":{"start":{"line":63,"column":19},"end":{"line":69,"column":3}},"30":{"start":{"line":64,"column":20},"end":{"line":64,"column":58}},"31":{"start":{"line":64,"column":39},"end":{"line":64,"column":57}},"32":{"start":{"line":65,"column":4},"end":{"line":65,"column":25}},"33":{"start":{"line":65,"column":18},"end":{"line":65,"column":25}},"34":{"start":{"line":67,"column":4},"end":{"line":67,"column":74}},"35":{"start":{"line":68,"column":4},"end":{"line":68,"column":24}},"36":{"start":{"line":71,"column":24},"end":{"line":79,"column":3}},"37":{"start":{"line":72,"column":4},"end":{"line":72,"column":50}},"38":{"start":{"line":72,"column":18},"end":{"line":72,"column":50}},"39":{"start":{"line":73,"column":4},"end":{"line":78,"column":5}},"40":{"start":{"line":74,"column":6},"end":{"line":74,"column":41}},"41":{"start":{"line":75,"column":6},"end":{"line":75,"column":26}},"42":{"start":{"line":77,"column":6},"end":{"line":77,"column":54}},"43":{"start":{"line":81,"column":2},"end":{"line":91,"column":4}}},"fnMap":{"0":{"name":"useAppProducts","decl":{"start":{"line":11,"column":16},"end":{"line":11,"column":30}},"loc":{"start":{"line":11,"column":78},"end":{"line":92,"column":1}},"line":11},"1":{"name":"(anonymous_1)","decl":{"start":{"line":14,"column":24},"end":{"line":14,"column":25}},"loc":{"start":{"line":14,"column":51},"end":{"line":21,"column":3}},"line":14},"2":{"name":"(anonymous_2)","decl":{"start":{"line":23,"column":21},"end":{"line":23,"column":22}},"loc":{"start":{"line":25,"column":22},"end":{"line":33,"column":3}},"line":25},"3":{"name":"(anonymous_3)","decl":{"start":{"line":35,"column":24},"end":{"line":35,"column":25}},"loc":{"start":{"line":38,"column":22},"end":{"line":46,"column":3}},"line":38},"4":{"name":"(anonymous_4)","decl":{"start":{"line":48,"column":22},"end":{"line":48,"column":23}},"loc":{"start":{"line":51,"column":22},"end":{"line":57,"column":3}},"line":51},"5":{"name":"(anonymous_5)","decl":{"start":{"line":52,"column":34},"end":{"line":52,"column":35}},"loc":{"start":{"line":52,"column":39},"end":{"line":52,"column":57}},"line":52},"6":{"name":"(anonymous_6)","decl":{"start":{"line":59,"column":21},"end":{"line":59,"column":22}},"loc":{"start":{"line":59,"column":65},"end":{"line":61,"column":3}},"line":59},"7":{"name":"(anonymous_7)","decl":{"start":{"line":63,"column":19},"end":{"line":63,"column":20}},"loc":{"start":{"line":63,"column":79},"end":{"line":69,"column":3}},"line":63},"8":{"name":"(anonymous_8)","decl":{"start":{"line":64,"column":34},"end":{"line":64,"column":35}},"loc":{"start":{"line":64,"column":39},"end":{"line":64,"column":57}},"line":64},"9":{"name":"(anonymous_9)","decl":{"start":{"line":71,"column":24},"end":{"line":71,"column":25}},"loc":{"start":{"line":71,"column":68},"end":{"line":79,"column":3}},"line":71}},"branchMap":{"0":{"loc":{"start":{"line":26,"column":4},"end":{"line":26,"column":50}},"type":"if","locations":[{"start":{"line":26,"column":4},"end":{"line":26,"column":50}},{"start":{},"end":{}}],"line":26},"1":{"loc":{"start":{"line":39,"column":4},"end":{"line":39,"column":50}},"type":"if","locations":[{"start":{"line":39,"column":4},"end":{"line":39,"column":50}},{"start":{},"end":{}}],"line":39},"2":{"loc":{"start":{"line":53,"column":4},"end":{"line":53,"column":25}},"type":"if","locations":[{"start":{"line":53,"column":4},"end":{"line":53,"column":25}},{"start":{},"end":{}}],"line":53},"3":{"loc":{"start":{"line":65,"column":4},"end":{"line":65,"column":25}},"type":"if","locations":[{"start":{"line":65,"column":4},"end":{"line":65,"column":25}},{"start":{},"end":{}}],"line":65},"4":{"loc":{"start":{"line":72,"column":4},"end":{"line":72,"column":50}},"type":"if","locations":[{"start":{"line":72,"column":4},"end":{"line":72,"column":50}},{"start":{},"end":{}}],"line":72}},"s":{"0":8,"1":8,"2":2,"3":2,"4":2,"5":0,"6":8,"7":2,"8":1,"9":1,"10":1,"11":1,"12":0,"13":8,"14":2,"15":0,"16":2,"17":2,"18":2,"19":0,"20":8,"21":1,"22":1,"23":1,"24":0,"25":1,"26":1,"27":8,"28":1,"29":8,"30":0,"31":0,"32":0,"33":0,"34":0,"35":0,"36":8,"37":1,"38":0,"39":1,"40":1,"41":1,"42":0,"43":8},"f":{"0":8,"1":2,"2":2,"3":2,"4":1,"5":1,"6":1,"7":0,"8":0,"9":1},"b":{"0":[1,1],"1":[0,2],"2":[0,1],"3":[0,0],"4":[0,1]},"_coverageSchema":"1a1c01bbd47fc00a2c39e90264f33305004495a9","hash":"79430c0ea78af3d579dc5da25216a4e130e7461a"}
,"/home/aleydon/Dev/Linda-Vendas/src/hooks/useAppSales.ts": {"path":"/home/aleydon/Dev/Linda-Vendas/src/hooks/useAppSales.ts","statementMap":{"0":{"start":{"line":21,"column":28},"end":{"line":21,"column":48}},"1":{"start":{"line":23,"column":21},"end":{"line":52,"column":3}},"2":{"start":{"line":24,"column":4},"end":{"line":51,"column":5}},"3":{"start":{"line":25,"column":25},"end":{"line":25,"column":47}},"4":{"start":{"line":27,"column":31},"end":{"line":27,"column":33}},"5":{"start":{"line":28,"column":6},"end":{"line":35,"column":7}},"6":{"start":{"line":29,"column":23},"end":{"line":29,"column":68}},"7":{"start":{"line":30,"column":8},"end":{"line":32,"column":9}},"8":{"start":{"line":31,"column":10},"end":{"line":31,"column":42}},"9":{"start":{"line":34,"column":8},"end":{"line":34,"column":57}},"10":{"start":{"line":38,"column":23},"end":{"line":38,"column":46}},"11":{"start":{"line":40,"column":6},"end":{"line":40,"column":53}},"12":{"start":{"line":40,"column":30},"end":{"line":40,"column":51}},"13":{"start":{"line":41,"column":6},"end":{"line":41,"column":53}},"14":{"start":{"line":41,"column":30},"end":{"line":41,"column":51}},"15":{"start":{"line":43,"column":26},"end":{"line":46,"column":7}},"16":{"start":{"line":45,"column":10},"end":{"line":45,"column":77}},"17":{"start":{"line":48,"column":6},"end":{"line":48,"column":28}},"18":{"start":{"line":50,"column":6},"end":{"line":50,"column":52}},"19":{"start":{"line":54,"column":18},"end":{"line":76,"column":3}},"20":{"start":{"line":66,"column":4},"end":{"line":75,"column":5}},"21":{"start":{"line":67,"column":6},"end":{"line":67,"column":23}},"22":{"start":{"line":68,"column":23},"end":{"line":68,"column":41}},"23":{"start":{"line":69,"column":6},"end":{"line":69,"column":70}},"24":{"start":{"line":70,"column":6},"end":{"line":70,"column":26}},"25":{"start":{"line":72,"column":6},"end":{"line":72,"column":49}},"26":{"start":{"line":74,"column":6},"end":{"line":74,"column":24}},"27":{"start":{"line":78,"column":25},"end":{"line":90,"column":3}},"28":{"start":{"line":79,"column":4},"end":{"line":79,"column":50}},"29":{"start":{"line":79,"column":18},"end":{"line":79,"column":50}},"30":{"start":{"line":80,"column":4},"end":{"line":89,"column":5}},"31":{"start":{"line":81,"column":6},"end":{"line":81,"column":23}},"32":{"start":{"line":82,"column":6},"end":{"line":82,"column":43}},"33":{"start":{"line":83,"column":6},"end":{"line":83,"column":26}},"34":{"start":{"line":85,"column":6},"end":{"line":85,"column":56}},"35":{"start":{"line":86,"column":6},"end":{"line":86,"column":18}},"36":{"start":{"line":88,"column":6},"end":{"line":88,"column":24}},"37":{"start":{"line":92,"column":27},"end":{"line":99,"column":3}},"38":{"start":{"line":93,"column":4},"end":{"line":98,"column":5}},"39":{"start":{"line":94,"column":6},"end":{"line":94,"column":48}},"40":{"start":{"line":96,"column":6},"end":{"line":96,"column":60}},"41":{"start":{"line":97,"column":6},"end":{"line":97,"column":16}},"42":{"start":{"line":101,"column":27},"end":{"line":109,"column":3}},"43":{"start":{"line":102,"column":4},"end":{"line":102,"column":50}},"44":{"start":{"line":102,"column":18},"end":{"line":102,"column":50}},"45":{"start":{"line":103,"column":4},"end":{"line":108,"column":5}},"46":{"start":{"line":104,"column":6},"end":{"line":104,"column":42}},"47":{"start":{"line":106,"column":6},"end":{"line":106,"column":59}},"48":{"start":{"line":107,"column":6},"end":{"line":107,"column":16}},"49":{"start":{"line":111,"column":25},"end":{"line":125,"column":3}},"50":{"start":{"line":115,"column":4},"end":{"line":115,"column":50}},"51":{"start":{"line":115,"column":18},"end":{"line":115,"column":50}},"52":{"start":{"line":116,"column":4},"end":{"line":118,"column":5}},"53":{"start":{"line":117,"column":6},"end":{"line":117,"column":65}},"54":{"start":{"line":119,"column":4},"end":{"line":124,"column":5}},"55":{"start":{"line":120,"column":6},"end":{"line":120,"column":45}},"56":{"start":{"line":122,"column":6},"end":{"line":122,"column":56}},"57":{"start":{"line":123,"column":6},"end":{"line":123,"column":18}},"58":{"start":{"line":127,"column":26},"end":{"line":138,"column":3}},"59":{"start":{"line":131,"column":4},"end":{"line":131,"column":50}},"60":{"start":{"line":131,"column":18},"end":{"line":131,"column":50}},"61":{"start":{"line":132,"column":4},"end":{"line":137,"column":5}},"62":{"start":{"line":133,"column":6},"end":{"line":133,"column":52}},"63":{"start":{"line":135,"column":6},"end":{"line":135,"column":57}},"64":{"start":{"line":136,"column":6},"end":{"line":136,"column":18}},"65":{"start":{"line":140,"column":28},"end":{"line":157,"column":3}},"66":{"start":{"line":141,"column":4},"end":{"line":141,"column":50}},"67":{"start":{"line":141,"column":18},"end":{"line":141,"column":50}},"68":{"start":{"line":142,"column":4},"end":{"line":156,"column":5}},"69":{"start":{"line":143,"column":6},"end":{"line":143,"column":23}},"70":{"start":{"line":144,"column":6},"end":{"line":144,"column":36}},"71":{"start":{"line":145,"column":6},"end":{"line":149,"column":7}},"72":{"start":{"line":146,"column":8},"end":{"line":146,"column":57}},"73":{"start":{"line":148,"column":8},"end":{"line":148,"column":58}},"74":{"start":{"line":150,"column":6},"end":{"line":150,"column":26}},"75":{"start":{"line":152,"column":6},"end":{"line":152,"column":60}},"76":{"start":{"line":153,"column":6},"end":{"line":153,"column":18}},"77":{"start":{"line":155,"column":6},"end":{"line":155,"column":24}},"78":{"start":{"line":159,"column":2},"end":{"line":170,"column":4}}},"fnMap":{"0":{"name":"useAppSales","decl":{"start":{"line":15,"column":16},"end":{"line":15,"column":27}},"loc":{"start":{"line":20,"column":21},"end":{"line":171,"column":1}},"line":20},"1":{"name":"(anonymous_1)","decl":{"start":{"line":23,"column":21},"end":{"line":23,"column":22}},"loc":{"start":{"line":23,"column":48},"end":{"line":52,"column":3}},"line":23},"2":{"name":"(anonymous_2)","decl":{"start":{"line":40,"column":25},"end":{"line":40,"column":26}},"loc":{"start":{"line":40,"column":30},"end":{"line":40,"column":51}},"line":40},"3":{"name":"(anonymous_3)","decl":{"start":{"line":41,"column":25},"end":{"line":41,"column":26}},"loc":{"start":{"line":41,"column":30},"end":{"line":41,"column":51}},"line":41},"4":{"name":"(anonymous_4)","decl":{"start":{"line":44,"column":8},"end":{"line":44,"column":9}},"loc":{"start":{"line":45,"column":10},"end":{"line":45,"column":77}},"line":45},"5":{"name":"(anonymous_5)","decl":{"start":{"line":54,"column":18},"end":{"line":54,"column":19}},"loc":{"start":{"line":65,"column":22},"end":{"line":76,"column":3}},"line":65},"6":{"name":"(anonymous_6)","decl":{"start":{"line":78,"column":25},"end":{"line":78,"column":26}},"loc":{"start":{"line":78,"column":66},"end":{"line":90,"column":3}},"line":78},"7":{"name":"(anonymous_7)","decl":{"start":{"line":92,"column":27},"end":{"line":92,"column":28}},"loc":{"start":{"line":92,"column":70},"end":{"line":99,"column":3}},"line":92},"8":{"name":"(anonymous_8)","decl":{"start":{"line":101,"column":27},"end":{"line":101,"column":28}},"loc":{"start":{"line":101,"column":59},"end":{"line":109,"column":3}},"line":101},"9":{"name":"(anonymous_9)","decl":{"start":{"line":111,"column":25},"end":{"line":111,"column":26}},"loc":{"start":{"line":114,"column":22},"end":{"line":125,"column":3}},"line":114},"10":{"name":"(anonymous_10)","decl":{"start":{"line":127,"column":26},"end":{"line":127,"column":27}},"loc":{"start":{"line":130,"column":22},"end":{"line":138,"column":3}},"line":130},"11":{"name":"(anonymous_11)","decl":{"start":{"line":140,"column":28},"end":{"line":140,"column":29}},"loc":{"start":{"line":140,"column":55},"end":{"line":157,"column":3}},"line":140}},"branchMap":{"0":{"loc":{"start":{"line":30,"column":8},"end":{"line":32,"column":9}},"type":"if","locations":[{"start":{"line":30,"column":8},"end":{"line":32,"column":9}},{"start":{},"end":{}}],"line":30},"1":{"loc":{"start":{"line":63,"column":4},"end":{"line":63,"column":31}},"type":"default-arg","locations":[{"start":{"line":63,"column":25},"end":{"line":63,"column":31}}],"line":63},"2":{"loc":{"start":{"line":68,"column":23},"end":{"line":68,"column":41}},"type":"binary-expr","locations":[{"start":{"line":68,"column":23},"end":{"line":68,"column":29}},{"start":{"line":68,"column":33},"end":{"line":68,"column":41}}],"line":68},"3":{"loc":{"start":{"line":79,"column":4},"end":{"line":79,"column":50}},"type":"if","locations":[{"start":{"line":79,"column":4},"end":{"line":79,"column":50}},{"start":{},"end":{}}],"line":79},"4":{"loc":{"start":{"line":102,"column":4},"end":{"line":102,"column":50}},"type":"if","locations":[{"start":{"line":102,"column":4},"end":{"line":102,"column":50}},{"start":{},"end":{}}],"line":102},"5":{"loc":{"start":{"line":115,"column":4},"end":{"line":115,"column":50}},"type":"if","locations":[{"start":{"line":115,"column":4},"end":{"line":115,"column":50}},{"start":{},"end":{}}],"line":115},"6":{"loc":{"start":{"line":116,"column":4},"end":{"line":118,"column":5}},"type":"if","locations":[{"start":{"line":116,"column":4},"end":{"line":118,"column":5}},{"start":{},"end":{}}],"line":116},"7":{"loc":{"start":{"line":131,"column":4},"end":{"line":131,"column":50}},"type":"if","locations":[{"start":{"line":131,"column":4},"end":{"line":131,"column":50}},{"start":{},"end":{}}],"line":131},"8":{"loc":{"start":{"line":141,"column":4},"end":{"line":141,"column":50}},"type":"if","locations":[{"start":{"line":141,"column":4},"end":{"line":141,"column":50}},{"start":{},"end":{}}],"line":141}},"s":{"0":11,"1":11,"2":2,"3":2,"4":2,"5":2,"6":2,"7":2,"8":1,"9":0,"10":2,"11":2,"12":1,"13":2,"14":2,"15":2,"16":1,"17":2,"18":0,"19":11,"20":1,"21":1,"22":1,"23":1,"24":1,"25":0,"26":1,"27":11,"28":2,"29":1,"30":1,"31":1,"32":1,"33":1,"34":0,"35":0,"36":1,"37":11,"38":0,"39":0,"40":0,"41":0,"42":11,"43":1,"44":0,"45":1,"46":1,"47":0,"48":0,"49":11,"50":1,"51":0,"52":1,"53":1,"54":0,"55":0,"56":0,"57":0,"58":11,"59":0,"60":0,"61":0,"62":0,"63":0,"64":0,"65":11,"66":2,"67":1,"68":1,"69":1,"70":1,"71":1,"72":1,"73":0,"74":1,"75":0,"76":0,"77":1,"78":11},"f":{"0":11,"1":2,"2":1,"3":2,"4":1,"5":1,"6":2,"7":0,"8":1,"9":1,"10":0,"11":2},"b":{"0":[1,1],"1":[1],"2":[1,1],"3":[1,1],"4":[0,1],"5":[0,1],"6":[1,0],"7":[0,0],"8":[1,1]},"_coverageSchema":"1a1c01bbd47fc00a2c39e90264f33305004495a9","hash":"27c36b7bf882a95c0331d254768de55cf971fd51"}
,"/home/aleydon/Dev/Linda-Vendas/src/hooks/useCart.ts": {"path":"/home/aleydon/Dev/Linda-Vendas/src/hooks/useCart.ts","statementMap":{"0":{"start":{"line":12,"column":26},"end":{"line":12,"column":50}},"1":{"start":{"line":14,"column":16},"end":{"line":28,"column":22}},"2":{"start":{"line":15,"column":4},"end":{"line":27,"column":10}},"3":{"start":{"line":16,"column":22},"end":{"line":16,"column":65}},"4":{"start":{"line":16,"column":41},"end":{"line":16,"column":64}},"5":{"start":{"line":17,"column":6},"end":{"line":17,"column":31}},"6":{"start":{"line":17,"column":20},"end":{"line":17,"column":31}},"7":{"start":{"line":19,"column":6},"end":{"line":24,"column":7}},"8":{"start":{"line":20,"column":26},"end":{"line":22,"column":9}},"9":{"start":{"line":21,"column":15},"end":{"line":21,"column":40}},"10":{"start":{"line":23,"column":8},"end":{"line":23,"column":61}},"11":{"start":{"line":26,"column":6},"end":{"line":26,"column":56}},"12":{"start":{"line":30,"column":25},"end":{"line":73,"column":3}},"13":{"start":{"line":35,"column":4},"end":{"line":72,"column":7}},"14":{"start":{"line":36,"column":28},"end":{"line":38,"column":7}},"15":{"start":{"line":37,"column":16},"end":{"line":37,"column":80}},"16":{"start":{"line":39,"column":22},"end":{"line":39,"column":60}},"17":{"start":{"line":39,"column":41},"end":{"line":39,"column":59}},"18":{"start":{"line":41,"column":6},"end":{"line":41,"column":32}},"19":{"start":{"line":41,"column":20},"end":{"line":41,"column":32}},"20":{"start":{"line":43,"column":21},"end":{"line":43,"column":34}},"21":{"start":{"line":44,"column":6},"end":{"line":49,"column":7}},"22":{"start":{"line":45,"column":18},"end":{"line":47,"column":9}},"23":{"start":{"line":46,"column":21},"end":{"line":46,"column":47}},"24":{"start":{"line":48,"column":8},"end":{"line":48,"column":34}},"25":{"start":{"line":48,"column":15},"end":{"line":48,"column":34}},"26":{"start":{"line":51,"column":6},"end":{"line":70,"column":7}},"27":{"start":{"line":52,"column":25},"end":{"line":52,"column":44}},"28":{"start":{"line":53,"column":28},"end":{"line":53,"column":53}},"29":{"start":{"line":55,"column":8},"end":{"line":57,"column":9}},"30":{"start":{"line":56,"column":10},"end":{"line":56,"column":60}},"31":{"start":{"line":56,"column":39},"end":{"line":56,"column":58}},"32":{"start":{"line":59,"column":8},"end":{"line":61,"column":9}},"33":{"start":{"line":60,"column":10},"end":{"line":60,"column":22}},"34":{"start":{"line":63,"column":24},"end":{"line":63,"column":33}},"35":{"start":{"line":64,"column":8},"end":{"line":64,"column":72}},"36":{"start":{"line":65,"column":8},"end":{"line":65,"column":23}},"37":{"start":{"line":66,"column":13},"end":{"line":70,"column":7}},"38":{"start":{"line":67,"column":8},"end":{"line":67,"column":39}},"39":{"start":{"line":67,"column":27},"end":{"line":67,"column":39}},"40":{"start":{"line":68,"column":32},"end":{"line":68,"column":57}},"41":{"start":{"line":69,"column":8},"end":{"line":69,"column":80}},"42":{"start":{"line":71,"column":6},"end":{"line":71,"column":18}},"43":{"start":{"line":75,"column":20},"end":{"line":75,"column":37}},"44":{"start":{"line":75,"column":26},"end":{"line":75,"column":37}},"45":{"start":{"line":77,"column":26},"end":{"line":79,"column":12}},"46":{"start":{"line":78,"column":4},"end":{"line":78,"column":62}},"47":{"start":{"line":78,"column":38},"end":{"line":78,"column":57}},"48":{"start":{"line":81,"column":2},"end":{"line":87,"column":4}}},"fnMap":{"0":{"name":"useCart","decl":{"start":{"line":11,"column":16},"end":{"line":11,"column":23}},"loc":{"start":{"line":11,"column":45},"end":{"line":88,"column":1}},"line":11},"1":{"name":"(anonymous_1)","decl":{"start":{"line":14,"column":24},"end":{"line":14,"column":25}},"loc":{"start":{"line":14,"column":30},"end":{"line":28,"column":3}},"line":14},"2":{"name":"(anonymous_2)","decl":{"start":{"line":15,"column":23},"end":{"line":15,"column":24}},"loc":{"start":{"line":15,"column":38},"end":{"line":27,"column":5}},"line":15},"3":{"name":"(anonymous_3)","decl":{"start":{"line":16,"column":36},"end":{"line":16,"column":37}},"loc":{"start":{"line":16,"column":41},"end":{"line":16,"column":64}},"line":16},"4":{"name":"(anonymous_4)","decl":{"start":{"line":21,"column":10},"end":{"line":21,"column":11}},"loc":{"start":{"line":21,"column":15},"end":{"line":21,"column":40}},"line":21},"5":{"name":"(anonymous_5)","decl":{"start":{"line":30,"column":25},"end":{"line":30,"column":26}},"loc":{"start":{"line":34,"column":7},"end":{"line":73,"column":3}},"line":34},"6":{"name":"(anonymous_6)","decl":{"start":{"line":35,"column":12},"end":{"line":35,"column":13}},"loc":{"start":{"line":35,"column":20},"end":{"line":72,"column":5}},"line":35},"7":{"name":"(anonymous_7)","decl":{"start":{"line":37,"column":8},"end":{"line":37,"column":9}},"loc":{"start":{"line":37,"column":16},"end":{"line":37,"column":80}},"line":37},"8":{"name":"(anonymous_8)","decl":{"start":{"line":39,"column":36},"end":{"line":39,"column":37}},"loc":{"start":{"line":39,"column":41},"end":{"line":39,"column":59}},"line":39},"9":{"name":"(anonymous_9)","decl":{"start":{"line":46,"column":10},"end":{"line":46,"column":11}},"loc":{"start":{"line":46,"column":21},"end":{"line":46,"column":47}},"line":46},"10":{"name":"(anonymous_10)","decl":{"start":{"line":56,"column":29},"end":{"line":56,"column":30}},"loc":{"start":{"line":56,"column":39},"end":{"line":56,"column":58}},"line":56},"11":{"name":"(anonymous_11)","decl":{"start":{"line":75,"column":20},"end":{"line":75,"column":21}},"loc":{"start":{"line":75,"column":26},"end":{"line":75,"column":37}},"line":75},"12":{"name":"(anonymous_12)","decl":{"start":{"line":77,"column":34},"end":{"line":77,"column":35}},"loc":{"start":{"line":77,"column":40},"end":{"line":79,"column":3}},"line":77},"13":{"name":"(anonymous_13)","decl":{"start":{"line":78,"column":23},"end":{"line":78,"column":24}},"loc":{"start":{"line":78,"column":38},"end":{"line":78,"column":57}},"line":78}},"branchMap":{"0":{"loc":{"start":{"line":17,"column":6},"end":{"line":17,"column":31}},"type":"if","locations":[{"start":{"line":17,"column":6},"end":{"line":17,"column":31}},{"start":{},"end":{}}],"line":17},"1":{"loc":{"start":{"line":19,"column":6},"end":{"line":24,"column":7}},"type":"if","locations":[{"start":{"line":19,"column":6},"end":{"line":24,"column":7}},{"start":{},"end":{}}],"line":19},"2":{"loc":{"start":{"line":19,"column":10},"end":{"line":19,"column":48}},"type":"binary-expr","locations":[{"start":{"line":19,"column":10},"end":{"line":19,"column":26}},{"start":{"line":19,"column":30},"end":{"line":19,"column":48}}],"line":19},"3":{"loc":{"start":{"line":23,"column":22},"end":{"line":23,"column":43}},"type":"binary-expr","locations":[{"start":{"line":23,"column":22},"end":{"line":23,"column":38}},{"start":{"line":23,"column":42},"end":{"line":23,"column":43}}],"line":23},"4":{"loc":{"start":{"line":26,"column":20},"end":{"line":26,"column":38}},"type":"binary-expr","locations":[{"start":{"line":26,"column":20},"end":{"line":26,"column":33}},{"start":{"line":26,"column":37},"end":{"line":26,"column":38}}],"line":26},"5":{"loc":{"start":{"line":37,"column":16},"end":{"line":37,"column":80}},"type":"binary-expr","locations":[{"start":{"line":37,"column":16},"end":{"line":37,"column":44}},{"start":{"line":37,"column":48},"end":{"line":37,"column":80}}],"line":37},"6":{"loc":{"start":{"line":41,"column":6},"end":{"line":41,"column":32}},"type":"if","locations":[{"start":{"line":41,"column":6},"end":{"line":41,"column":32}},{"start":{},"end":{}}],"line":41},"7":{"loc":{"start":{"line":44,"column":6},"end":{"line":49,"column":7}},"type":"if","locations":[{"start":{"line":44,"column":6},"end":{"line":49,"column":7}},{"start":{},"end":{}}],"line":44},"8":{"loc":{"start":{"line":44,"column":10},"end":{"line":44,"column":43}},"type":"binary-expr","locations":[{"start":{"line":44,"column":10},"end":{"line":44,"column":21}},{"start":{"line":44,"column":25},"end":{"line":44,"column":43}}],"line":44},"9":{"loc":{"start":{"line":48,"column":8},"end":{"line":48,"column":34}},"type":"if","locations":[{"start":{"line":48,"column":8},"end":{"line":48,"column":34}},{"start":{},"end":{}}],"line":48},"10":{"loc":{"start":{"line":51,"column":6},"end":{"line":70,"column":7}},"type":"if","locations":[{"start":{"line":51,"column":6},"end":{"line":70,"column":7}},{"start":{"line":66,"column":13},"end":{"line":70,"column":7}}],"line":51},"11":{"loc":{"start":{"line":55,"column":8},"end":{"line":57,"column":9}},"type":"if","locations":[{"start":{"line":55,"column":8},"end":{"line":57,"column":9}},{"start":{},"end":{}}],"line":55},"12":{"loc":{"start":{"line":59,"column":8},"end":{"line":61,"column":9}},"type":"if","locations":[{"start":{"line":59,"column":8},"end":{"line":61,"column":9}},{"start":{},"end":{}}],"line":59},"13":{"loc":{"start":{"line":66,"column":13},"end":{"line":70,"column":7}},"type":"if","locations":[{"start":{"line":66,"column":13},"end":{"line":70,"column":7}},{"start":{},"end":{}}],"line":66},"14":{"loc":{"start":{"line":67,"column":8},"end":{"line":67,"column":39}},"type":"if","locations":[{"start":{"line":67,"column":8},"end":{"line":67,"column":39}},{"start":{},"end":{}}],"line":67}},"s":{"0":14,"1":14,"2":14,"3":4,"4":5,"5":4,"6":0,"7":4,"8":1,"9":1,"10":1,"11":3,"12":14,"13":10,"14":10,"15":3,"16":10,"17":12,"18":10,"19":0,"20":10,"21":10,"22":2,"23":3,"24":2,"25":2,"26":10,"27":3,"28":3,"29":3,"30":1,"31":1,"32":2,"33":1,"34":1,"35":1,"36":1,"37":7,"38":7,"39":1,"40":6,"41":6,"42":0,"43":14,"44":1,"45":14,"46":14,"47":4,"48":14},"f":{"0":14,"1":14,"2":4,"3":5,"4":1,"5":10,"6":10,"7":3,"8":12,"9":3,"10":1,"11":1,"12":14,"13":4},"b":{"0":[0,4],"1":[1,3],"2":[4,1],"3":[1,0],"4":[3,0],"5":[3,3],"6":[0,10],"7":[2,8],"8":[10,2],"9":[2,0],"10":[3,7],"11":[1,2],"12":[1,1],"13":[7,0],"14":[1,6]},"_coverageSchema":"1a1c01bbd47fc00a2c39e90264f33305004495a9","hash":"a5e67ee6256c5264242c674840ff9d9a321eebd9"}
,"/home/aleydon/Dev/Linda-Vendas/src/hooks/useDashboardMetrics.ts": {"path":"/home/aleydon/Dev/Linda-Vendas/src/hooks/useDashboardMetrics.ts","statementMap":{"0":{"start":{"line":6,"column":18},"end":{"line":150,"column":23}},"1":{"start":{"line":7,"column":22},"end":{"line":7,"column":63}},"2":{"start":{"line":7,"column":40},"end":{"line":7,"column":62}},"3":{"start":{"line":8,"column":16},"end":{"line":8,"column":26}},"4":{"start":{"line":9,"column":18},"end":{"line":9,"column":76}},"5":{"start":{"line":10,"column":22},"end":{"line":10,"column":37}},"6":{"start":{"line":11,"column":4},"end":{"line":11,"column":47}},"7":{"start":{"line":13,"column":27},"end":{"line":15,"column":5}},"8":{"start":{"line":14,"column":11},"end":{"line":14,"column":42}},"9":{"start":{"line":16,"column":31},"end":{"line":19,"column":6}},"10":{"start":{"line":17,"column":19},"end":{"line":17,"column":41}},"11":{"start":{"line":18,"column":6},"end":{"line":18,"column":47}},"12":{"start":{"line":21,"column":24},"end":{"line":21,"column":75}},"13":{"start":{"line":21,"column":58},"end":{"line":21,"column":71}},"14":{"start":{"line":22,"column":24},"end":{"line":22,"column":79}},"15":{"start":{"line":22,"column":62},"end":{"line":22,"column":75}},"16":{"start":{"line":24,"column":18},"end":{"line":24,"column":19}},"17":{"start":{"line":25,"column":4},"end":{"line":29,"column":5}},"18":{"start":{"line":26,"column":6},"end":{"line":26,"column":66}},"19":{"start":{"line":27,"column":11},"end":{"line":29,"column":5}},"20":{"start":{"line":28,"column":6},"end":{"line":28,"column":20}},"21":{"start":{"line":33,"column":8},"end":{"line":33,"column":10}},"22":{"start":{"line":36,"column":8},"end":{"line":36,"column":10}},"23":{"start":{"line":38,"column":4},"end":{"line":67,"column":7}},"24":{"start":{"line":39,"column":6},"end":{"line":66,"column":9}},"25":{"start":{"line":40,"column":25},"end":{"line":40,"column":56}},"26":{"start":{"line":41,"column":24},"end":{"line":41,"column":44}},"27":{"start":{"line":42,"column":28},"end":{"line":42,"column":75}},"28":{"start":{"line":43,"column":29},"end":{"line":43,"column":78}},"29":{"start":{"line":45,"column":8},"end":{"line":51,"column":9}},"30":{"start":{"line":46,"column":10},"end":{"line":50,"column":12}},"31":{"start":{"line":52,"column":8},"end":{"line":52,"column":60}},"32":{"start":{"line":53,"column":8},"end":{"line":54,"column":50}},"33":{"start":{"line":56,"column":8},"end":{"line":62,"column":9}},"34":{"start":{"line":57,"column":10},"end":{"line":61,"column":12}},"35":{"start":{"line":63,"column":8},"end":{"line":63,"column":62}},"36":{"start":{"line":64,"column":8},"end":{"line":65,"column":50}},"37":{"start":{"line":69,"column":24},"end":{"line":71,"column":18}},"38":{"start":{"line":70,"column":22},"end":{"line":70,"column":45}},"39":{"start":{"line":73,"column":26},"end":{"line":75,"column":18}},"40":{"start":{"line":74,"column":22},"end":{"line":74,"column":45}},"41":{"start":{"line":82,"column":9},"end":{"line":82,"column":11}},"42":{"start":{"line":84,"column":4},"end":{"line":104,"column":7}},"43":{"start":{"line":85,"column":6},"end":{"line":103,"column":7}},"44":{"start":{"line":86,"column":8},"end":{"line":95,"column":11}},"45":{"start":{"line":87,"column":10},"end":{"line":94,"column":11}},"46"
[...]
,"64":{"start":{"line":127,"column":8},"end":{"line":131,"column":10}},"65":{"start":{"line":134,"column":20},"end":{"line":134,"column":65}},"66":{"start":{"line":134,"column":48},"end":{"line":134,"column":61}},"67":{"start":{"line":135,"column":6},"end":{"line":139,"column":9}},"68":{"start":{"line":142,"column":4},"end":{"line":149,"column":6}},"69":{"start":{"line":152,"column":2},"end":{"line":152,"column":17}}},"fnMap":{"0":{"name":"useDashboardMetrics","decl":{"start":{"line":5,"column":16},"end":{"line":5,"column":35}},"loc":{"start":{"line":5,"column":72},"end":{"line":153,"column":1}},"line":5},"1":{"name":"(anonymous_1)","decl":{"start":{"line":6,"column":26},"end":{"line":6,"column":27}},"loc":{"start":{"line":6,"column":32},"end":{"line":150,"column":3}},"line":6},"2":{"name":"(anonymous_2)","decl":{"start":{"line":7,"column":35},"end":{"line":7,"column":36}},"loc":{"start":{"line":7,"column":40},"end":{"line":7,"column":62}},"line":7},"3":{"name":"(anonymous_3)","decl":{"start":{"line":14,"column":6},"end":{"line":14,"column":7}},"loc":{"start":{"line":14,"column":11},"end":{"line":14,"column":42}},"line":14},"4":{"name":"(anonymous_4)","decl":{"start":{"line":16,"column":48},"end":{"line":16,"column":49}},"loc":{"start":{"line":16,"column":53},"end":{"line":19,"column":5}},"line":16},"5":{"name":"(anonymous_5)","decl":{"start":{"line":21,"column":46},"end":{"line":21,"column":47}},"loc":{"start":{"line":21,"column":58},"end":{"line":21,"column":71}},"line":21},"6":{"name":"(anonymous_6)","decl":{"start":{"line":22,"column":50},"end":{"line":22,"column":51}},"loc":{"start":{"line":22,"column":62},"end":{"line":22,"column":75}},"line":22},"7":{"name":"(anonymous_7)","decl":{"start":{"line":38,"column":22},"end":{"line":38,"column":23}},"loc":{"start":{"line":38,"column":30},"end":{"line":67,"column":5}},"line":38},"8":{"name":"(anonymous_8)","decl":{"start":{"line":39,"column":31},"end":{"line":39,"column":32}},"loc":{"start":{"line":39,"column":39},"end":{"line":66,"column":7}},"line":39},"9":{"name":"(anonymous_9)","decl":{"start":{"line":70,"column":12},"end":{"line":70,"column":13}},"loc":{"start":{"line":70,"column":22},"end":{"line":70,"column":45}},"line":70},"10":{"name":"(anonymous_10)","decl":{"start":{"line":74,"column":12},"end":{"line":74,"column":13}},"loc":{"start":{"line":74,"column":22},"end":{"line":74,"column":45}},"line":74},"11":{"name":"(anonymous_11)","decl":{"start":{"line":84,"column":21},"end":{"line":84,"column":22}},"loc":{"start":{"line":84,"column":26},"end":{"line":104,"column":5}},"line":84},"12":{"name":"(anonymous_12)","decl":{"start":{"line":86,"column":29},"end":{"line":86,"column":30}},"loc":{"start":{"line":86,"column":34},"end":{"line":95,"column":9}},"line":86},"13":{"name":"(anonymous_13)","decl":{"start":{"line":107,"column":12},"end":{"line":107,"column":13}},"loc":{"start":{"line":107,"column":22},"end":{"line":107,"column":39}},"line":107},"14":{"name":"(anonymous_14)","decl":{"start":{"line":125,"column":40},"end":{"line":125,"column":41}},"loc":{"start":{"line":125,"column":45},"end":{"line":132,"column":7}},"line":125},"15":{"name":"(anonymous_15)","decl":{"start":{"line":134,"column":36},"end":{"line":134,"column":37}},"loc":{"start":{"line":134,"column":48},"end":{"line":134,"column":61}},"line":134}},"branchMap":{"0":{"loc":{"start":{"line":18,"column":13},"end":{"line":18,"column":46}},"type":"binary-expr","locations":[{"start":{"line":18,"column":13},"end":{"line":18,"column":30}},{"start":{"line":18,"column":34},"end":{"line":18,"column":46}}],"line":18},"1":{"loc":{"start":{"line":25,"column":4},"end":{"line":29,"column":5}},"type":"if","locations":[{"start":{"line":25,"column":4},"end":{"line":29,"column":5}},{"start":{"line":27,"column":11},"end":{"line":29,"column":5}}],"line":25},"2":{"loc":{"start":{"line":27,"column":11},"end":{"line":29,"column":5}},"type":"if","locations":[{"start":{"line":27,"column":11},"end":{"line":29,"column":5}},{"start":{},"end":{}}],"line":27},"3":{"loc":{"start":{"line":40,"column":25},"end":{"line":40,"column":56}},"type":"binary-expr","locations":[{"start":{"line":40,"column":25},"end":{"line":40,"column":43}},{"start":{"line":40,"column":47},"end":{"line":40,"column":56}}],"line":40},"4":{"loc":{"start":{"line":42,"column":28},"end":{"line":42,"column":75}},"type":"cond-expr","locations":[{"start":{"line":42,"column":38},"end":{"line":42,"column":64}},{"start":{"line":42,"column":67},"end":{"line":42,"column":75}}],"line":42},"5":{"loc":{"start":{"line":43,"column":29},"end":{"line":43,"column":78}},"type":"binary-expr","locations":[{"start":{"line":43,"column":29},"end":{"line":43,"column":59}},{"start":{"line":43,"column":63},"end":{"line":43,"column":78}}],"line":43},"6":{"loc":{"start":{"line":45,"column":8},"end":{"line":51,"column":9}},"type":"if","locations":[{"start":{"line":45,"column":8},"end":{"line":51,"column":9}},{"start":{},"end":{}}],"line":45},"7":{"loc":{"start":{"line":56,"column":8},"end":{"line":62,"column":9}},"type":"if","locations":[{"start":{"line":56,"column":8},"end":{"line":62,"column":9}},{"start":{},"end":{}}],"line":56},"8":{"loc":{"start":{"line":85,"column":6},"end":{"line":103,"column":7}},"type":"if","locations":[{"start":{"line":85,"column":6},"end":{"line":103,"column":7}},{"start":{"line":96,"column":13},"end":{"line":103,"column":7}}],"line":85},"9":{"loc":{"start":{"line":85,"column":10},"end":{"line":85,"column":42}},"type":"binary-expr","locations":[{"start":{"line":85,"column":10},"end":{"line":85,"column":26}},{"start":{"line":85,"column":30},"end":{"line":85,"column":42}}],"line":85},"10":{"loc":{"start":{"line":87,"column":10},"end":{"line":94,"column":11}},"type":"if","locations":[{"start":{"line":87,"column":10},"end":{"line":94,"column":11}},{"start":{},"end":{}}],"line":87},"11":{"loc":{"start":{"line":96,"column":13},"end":{"line":103,"column":7}},"type":"if","locations":[{"start":{"line":96,"column":13},"end":{"line":103,"column":7}},{"start":{},"end":{}}],"line":96},"12":{"loc":{"start":{"line":128,"column":10},"end":{"line":130,"column":34}},"type":"binary-expr","locations":[{"start":{"line":128,"column":10},"end":{"line":128,"column":38}},{"start":{"line":129,"column":10},"end":{"line":129,"column":36}},{"start":{"line":130,"column":10},"end":{"line":130,"column":34}}],"line":128}},"s":{"0":4,"1":4,"2":8,"3":4,"4":4,"5":4,"6":4,"7":4,"8":8,"9":4,"10":8,"11":8,"12":4,"13":4,"14":4,"15":4,"16":4,"17":4,"18":4,"19":0,"20":0,"21":4,"22":4,"23":4,"24":8,"25":8,"26":8,"27":8,"28":8,"29":8,"30":8,"31":8,"32":8,"33":8,"34":8,"35":8,"36":8,"37":4,"38":4,"39":4,"40":4,"41":4,"42":4,"43":8,"44":0,"45":0,"46":0,"47":8,"48":4,"49":4,"50":0,"51":4,"52":4,"53":4,"54":28,"55":28,"56":28,"57":28,"58":28,"59":28,"60":28,"61":28,"62":28,"63":56,"64":56,"65":28,"66":8,"67":28,"68":4,"69":4},"f":{"0":4,"1":4,"2":8,"3":8,"4":8,"5":4,"6":4,"7":8,"8":8,"9":4,"10":4,"11":8,"12":0,"13":0,"14":56,"15":8},"b":{"0":[8,8],"1":[4,0],"2":[0,0],"3":[8,0],"4":[0,8],"5":[8,0],"6":[8,0],"7":[8,0],"8":[0,8],"9":[8,0],"10":[0,0],"11":[4,4],"12":[56,56,56]},"_coverageSchema":"1a1c01bbd47fc00a2c39e90264f33305004495a9","hash":"2b87e7a0e51d47d3d9e26c45b16c7333cbde7c33"}
,"/home/aleydon/Dev/Linda-Vendas/src/utils/formatters.ts": {"path":"/home/aleydon/Dev/Linda-Vendas/src/utils/formatters.ts","statementMap":{"0":{"start":{"line":1,"column":30},"end":{"line":7,"column":1}},"1":{"start":{"line":2,"column":23},"end":{"line":2,"column":76}},"2":{"start":{"line":3,"column":2},"end":{"line":6,"column":5}},"3":{"start":{"line":12,"column":35},"end":{"line":18,"column":1}},"4":{"start":{"line":13,"column":23},"end":{"line":13,"column":76}},"5":{"start":{"line":14,"column":2},"end":{"line":17,"column":5}},"6":{"start":{"line":24,"column":35},"end":{"line":30,"column":1}},"7":{"start":{"line":25,"column":21},"end":{"line":25,"column":45}},"8":{"start":{"line":26,"column":2},"end":{"line":26,"column":29}},"9":{"start":{"line":26,"column":19},"end":{"line":26,"column":29}},"10":{"start":{"line":28,"column":17},"end":{"line":28,"column":47}},"11":{"start":{"line":29,"column":2},"end":{"line":29,"column":37}},"12":{"start":{"line":35,"column":38},"end":{"line":38,"column":1}},"13":{"start":{"line":36,"column":2},"end":{"line":36,"column":23}},"14":{"start":{"line":36,"column":14},"end":{"line":36,"column":23}},"15":{"start":{"line":37,"column":2},"end":{"line":37,"column":69}},"16":{"start":{"line":40,"column":30},"end":{"line":46,"column":1}},"17":{"start":{"line":41,"column":12},"end":{"line":41,"column":60}},"18":{"start":{"line":42,"column":2},"end":{"line":45,"column":5}},"19":{"start":{"line":48,"column":30},"end":{"line":74,"column":1}},"20":{"start":{"line":49,"column":12},"end":{"line":49,"column":60}},"21":{"start":{"line":50,"column":18},"end":{"line":54,"column":4}},"22":{"start":{"line":56,"column":16},"end":{"line":60,"column":4}},"23":{"start":{"line":62,"column":20},"end":{"line":69,"column":3}},"24":{"start":{"line":71,"column":2},"end":{"line":71,"column":39}},"25":{"start":{"line":71,"column":25},"end":{"line":71,"column":39}},"26":{"start":{"line":72,"column":2},"end":{"line":72,"column":44}},"27":{"start":{"line":72,"column":29},"end":{"line":72,"column":44}},"28":{"start":{"line":73,"column":2},"end":{"line":73,"column":17}},"29":{"start":{"line":76,"column":26},"end":{"line":79,"column":1}},"30":{"start":{"line":77,"column":12},"end":{"line":77,"column":60}},"31":{"start":{"line":78,"column":2},"end":{"line":78,"column":39}},"32":{"start":{"line":81,"column":34},"end":{"line":91,"column":1}},"33":{"start":{"line":82,"column":12},"end":{"line":82,"column":60}},"34":{"start":{"line":83,"column":15},"end":{"line":83,"column":39}},"35":{"start":{"line":84,"column":18},"end":{"line":84,"column":42}},"36":{"start":{"line":86,"column":2},"end":{"line":86,"column":40}},"37":{"start":{"line":86,"column":19},"end":{"line":86,"column":40}},"38":{"start":{"line":87,"column":2},"end":{"line":87,"column":47}},"39":{"start":{"line":87,"column":20},"end":{"line":87,"column":47}},"40":{"start":{"line":88,"column":16},"end":{"line":88,"column":40}},"41":{"start":{"line":89,"column":2},"end":{"line":89,"column":41}},"42":{"start":{"line":89,"column":18},"end":{"line":89,"column":41}},"43":{"start":{"line":90,"column":2},"end":{"line":90,"column":39}}},"fnMap":{"0":{"name":"(anonymous_0)","decl":{"start":{"line":1,"column":30},"end":{"line":1,"column":31}},"loc":{"start":{"line":1,"column":66},"end":{"line":7,"column":1}},"line":1},"1":{"name":"(anonymous_1)","decl":{"start":{"line":12,"column":35},"end":{"line":12,"column":36}},"loc":{"start":{"line":12,"column":71},"end":{"line":18,"column":1}},"line":12},"2":{"name":"(anonymous_2)","decl":{"start":{"line":24,"column":35},"end":{"line":24,"column":36}},"loc":{"start":{"line":24,"column":62},"end":{"line":30,"column":1}},"line":24},"3":{"name":"(anonymous_3)","decl":{"start":{"line":35,"column":38},"end":{"line":35,"column":39}},"loc":{"start":{"line":35,"column":65},"end":{"line":38,"column":1}},"line":35},"4":{"name":"(anonymous_4)","decl":{"start":{"line":40,"column":30},"end":{"line":40,"column":31}},"loc":{"start":{"line":40,"column":63},"end":{"line":46,"column":1}},"line":40},"5":{"name":"(anonymous_5)","decl":{"start":{"line":48,"column":30},"end":{"line":48,"column":31}},"loc":{"start":{"line":48,"column":63},"end":{"line":74,"column":1}},"line":48},"6":{"name":"(anonymous_6)","decl":{"start":{"line":76,"column":26},"end":{"line":76,"column":27}},"loc":{"start":{"line":76,"column":59},"end":{"line":79,"column":1}},"line":76},"7":{"name":"(anonymous_7)","decl":{"start":{"line":81,"column":34},"end":{"line":81,"column":35}},"loc":{"start":{"line":81,"column":67},"end":{"line":91,"column":1}},"line":81}},"branchMap":{"0":{"loc":{"start":{"line":2,"column":23},"end":{"line":2,"column":76}},"type":"cond-expr","locations":[{"start":{"line":2,"column":51},"end":{"line":2,"column":68}},{"start":{"line":2,"column":71},"end":{"line":2,"column":76}}],"line":2},"1":{"loc":{"start":{"line":13,"column":23},"end":{"line":13,"column":76}},"type":"cond-expr","locations":[{"start":{"line":13,"column":51},"end":{"line":13,"column":68}},{"start":{"line":13,"column":71},"end":{"line":13,"column":76}}],"line":13},"2":{"loc":{"start":{"line":26,"column":2},"end":{"line":26,"column":29}},"type":"if","locations":[{"start":{"line":26,"column":2},"end":{"line":26,"column":29}},{"start":{},"end":{}}],"line":26},"3":{"loc":{"start":{"line":36,"column":2},"end":{"line":36,"column":23}},"type":"if","locations":[{"start":{"line":36,"column":2},"end":{"line":36,"column":23}},{"start":{},"end":{}}],"line":36},"4":{"loc":{"start":{"line":37,"column":9},"end":{"line":37,"column":68}},"type":"binary-expr","locations":[{"start":{"line":37,"column":9},"end":{"line":37,"column":63}},{"start":{"line":37,"column":67},"end":{"line":37,"column":68}}],"line":37},"5":{"loc":{"start":{"line":41,"column":12},"end":{"line":41,"column":60}},"type":"cond-expr","locations":[{"start":{"line":41,"column":39},"end":{"line":41,"column":53}},{"start":{"line":41,"column":56},"end":{"line":41,"column":60}}],"line":41},"6":{"loc":{"start":{"line":49,"column":12},"end":{"line":49,"column":60}},"type":"cond-expr","locations":[{"start":{"line":49,"column":39},"end":{"line":49,"column":53}},{"start":{"line":49,"column":56},"end":{"line":49,"column":60}}],"line":49},"7":{"loc":{"start":{"line":71,"column":2},"end":{"line":71,"column":39}},"type":"if","locations":[{"start":{"line":71,"column":2},"end":{"line":71,"column":39}},{"start":{},"end":{}}],"line":71},"8":{"loc":{"start":{"line":72,"column":2},"end":{"line":72,"column":44}},"type":"if","locations":[{"start":{"line":72,"column":2},"end":{"line":72,"column":44}},{"start":{},"end":{}}],"line":72},"9":{"loc":{"start":{"line":77,"column":12},"end":{"line":77,"column":60}},"type":"cond-expr","locations":[{"start":{"line":77,"column":39},"end":{"line":77,"column":53}},{"start":{"line":77,"column":56},"end":{"line":77,"column":60}}],"line":77},"10":{"loc":{"start":{"line":82,"column":12},"end":{"line":82,"column":60}},"type":"cond-expr","locations":[{"start":{"line":82,"column":39},"end":{"line":82,"column":53}},{"start":{"line":82,"column":56},"end":{"line":82,"column":60}}],"line":82},"11":{"loc":{"start":{"line":86,"column":2},"end":{"line":86,"column":40}},"type":"if","locations":[{"start":{"line":86,"column":2},"end":{"line":86,"column":40}},{"start":{},"end":{}}],"line":86},"12":{"loc":{"start":{"line":87,"column":2},"end":{"line":87,"column":47}},"type":"if","locations":[{"start":{"line":87,"column":2},"end":{"line":87,"column":47}},{"start":{},"end":{}}],"line":87},"13":{"loc":{"start":{"line":89,"column":2},"end":{"line":89,"column":41}},"type":"if","locations":[{"start":{"line":89,"column":2},"end":{"line":89,"column":41}},{"start":{},"end":{}}],"line":89}},"s":{"0":4,"1":12,"2":12,"3":4,"4":4,"5":4,"6":4,"7":3,"8":3,"9":1,"10":2,"11":2,"12":4,"13":3,"14":1,"15":2,"16":4,"17":1,"18":1,"19":4,"20":3,"21":3,"22":3,"23":3,"24":3,"25":1,"26":2,"27":1,"28":1,"29":4,"30":0,"31":0,"32":4,"33":3,"34":3,"35":3,"36":3,"37":1,"38":2,"39":1,"40":1,"41":1,"42":1,"43":0},"f":{"0":12,"1":4,"2":3,"3":3,"4":1,"5":3,"6":0,"7":3},"b":{"0":[1,11],"1":[0,4],"2":[1,2],"3":[1,2],"4":[2,0],"5":[0,1],"6":[0,3],"7":[1,2],"8":[1,1],"9":[0,0],"10":[0,3],"11":[1,2],"12":[1,1],"13":[1,0]},"_coverageSchema":"1a1c01bbd47fc00a2c39e90264f33305004495a9","hash":"88e75bcff67d66496f58346a489001c56be7cca5"}
,"/home/aleydon/Dev/Linda-Vendas/src/utils/pix.ts": {"path":"/home/aleydon/Dev/Linda-Vendas/src/utils/pix.ts","statementMap":{"0":{"start":{"line":7,"column":12},"end":{"line":7,"column":18}},"1":{"start":{"line":8,"column":21},"end":{"line":8,"column":27}},"2":{"start":{"line":10,"column":2},"end":{"line":19,"column":3}},"3":{"start":{"line":10,"column":15},"end":{"line":10,"column":16}},"4":{"start":{"line":11,"column":4},"end":{"line":11,"column":35}},"5":{"start":{"line":12,"column":4},"end":{"line":18,"column":5}},"6":{"start":{"line":12,"column":17},"end":{"line":12,"column":18}},"7":{"start":{"line":13,"column":6},"end":{"line":17,"column":7}},"8":{"start":{"line":14,"column":8},"end":{"line":14,"column":38}},"9":{"start":{"line":16,"column":8},"end":{"line":16,"column":18}},"10":{"start":{"line":21,"column":2},"end":{"line":21,"column":68}},"11":{"start":{"line":25,"column":17},"end":{"line":25,"column":57}},"12":{"start":{"line":26,"column":2},"end":{"line":26,"column":34}},"13":{"start":{"line":30,"column":2},"end":{"line":34,"column":12}},"14":{"start":{"line":54,"column":24},"end":{"line":54,"column":65}},"15":{"start":{"line":55,"column":24},"end":{"line":55,"column":65}},"16":{"start":{"line":56,"column":31},"end":{"line":58,"column":8}},"17":{"start":{"line":61,"column":21},"end":{"line":61,"column":73}},"18":{"start":{"line":64,"column":14},"end":{"line":64,"column":49}},"19":{"start":{"line":65,"column":19},"end":{"line":65,"column":41}},"20":{"start":{"line":66,"column":20},"end":{"line":68,"column":20}},"21":{"start":{"line":70,"column":27},"end":{"line":80,"column":3}},"22":{"start":{"line":82,"column":18},"end":{"line":82,"column":42}},"23":{"start":{"line":83,"column":2},"end":{"line":83,"column":34}}},"fnMap":{"0":{"name":"crc16","decl":{"start":{"line":6,"column":9},"end":{"line":6,"column":14}},"loc":{"start":{"line":6,"column":37},"end":{"line":22,"column":1}},"line":6},"1":{"name":"formatField","decl":{"start":{"line":24,"column":9},"end":{"line":24,"column":20}},"loc":{"start":{"line":24,"column":56},"end":{"line":27,"column":1}},"line":24},"2":{"name":"sanitize","decl":{"start":{"line":29,"column":9},"end":{"line":29,"column":17}},"loc":{"start":{"line":29,"column":40},"end":{"line":35,"column":1}},"line":29},"3":{"name":"generatePixPayload","decl":{"start":{"line":46,"column":16},"end":{"line":46,"column":34}},"loc":{"start":{"line":53,"column":23},"end":{"line":84,"column":1}},"line":53}},"branchMap":{"0":{"loc":{"start":{"line":13,"column":6},"end":{"line":17,"column":7}},"type":"if","locations":[{"start":{"line":13,"column":6},"end":{"line":17,"column":7}},{"start":{"line":15,"column":13},"end":{"line":17,"column":7}}],"line":13},"1":{"loc":{"start":{"line":30,"column":10},"end":{"line":30,"column":20}},"type":"binary-expr","locations":[{"start":{"line":30,"column":10},"end":{"line":30,"column":14}},{"start":{"line":30,"column":18},"end":{"line":30,"column":20}}],"line":30},"2":{"loc":{"start":{"line":50,"column":2},"end":{"line":50,"column":12}},"type":"default-arg","locations":[{"start":{"line":50,"column":11},"end":{"line":50,"column":12}}],"line":50},"3":{"loc":{"start":{"line":52,"column":2},"end":{"line":52,"column":23}},"type":"default-arg","locations":[{"start":{"line":52,"column":18},"end":{"line":52,"column":23}}],"line":52},"4":{"loc":{"start":{"line":56,"column":31},"end":{"line":58,"column":8}},"type":"cond-expr","locations":[{"start":{"line":57,"column":6},"end":{"line":57,"column":40}},{"start":{"line":58,"column":6},"end":{"line":58,"column":8}}],"line":56},"5":{"loc":{"start":{"line":61,"column":22},"end":{"line":61,"column":61}},"type":"cond-expr","locations":[{"start":{"line":61,"column":51},"end":{"line":61,"column":57}},{"start":{"line":61,"column":60},"end":{"line":61,"column":61}}],"line":61},"6":{"loc":{"start":{"line":66,"column":20},"end":{"line":68,"column":20}},"type":"cond-expr","locations":[{"start":{"line":67,"column":6},"end":{"line":67,"column":62}},{"start":{"line":68,"column":6},"end":{"line":68,"column":20}}],"line":66}},"s":{"0":4,"1":4,"2":4,"3":4,"4":483,"5":483,"6":483,"7":3864,"8":1883,"9":1981,"10":4,"11":51,"12":51,"13":11,"14":4,"15":4,"16":4,"17":4,"18":4,"19":4,"20":4,"21":4,"22":4,"23":4},"f":{"0":4,"1":51,"2":11,"3":4},"b":{"0":[1883,1981],"1":[11,0],"2":[0],"3":[4],"4":[3,1],"5":[4,0],"6":[3,1]},"_coverageSchema":"1a1c01bbd47fc00a2c39e90264f33305004495a9","hash":"5da217baf1218674587dfb73a1677785cda78edd"}
}
