TN:
SF:src/components/FormField.tsx
FN:16,FormField
FNF:1
FNH:1
FNDA:16,FormField
DA:25,16
DA:27,16
LF:2
LH:2
BRDA:20,0,0,8
BRDA:22,1,0,12
BRDA:39,2,0,16
BRDA:39,2,1,8
BRDA:40,3,0,0
BRDA:40,3,1,16
BRF:6
BRH:5
end_of_record
TN:
SF:src/components/ProductCard.tsx
FN:20,ProductCard
FN:34,(anonymous_1)
FN:39,(anonymous_2)
FN:46,(anonymous_3)
FN:134,(anonymous_4)
FNF:5
FNH:5
FNDA:5,ProductCard
FNDA:4,(anonymous_1)
FNDA:4,(anonymous_2)
FNDA:1,(anonymous_3)
FNDA:1,(anonymous_4)
DA:30,5
DA:33,5
DA:34,4
DA:38,5
DA:39,4
DA:42,5
DA:46,1
DA:135,1
LF:8
LH:8
BRDA:33,0,0,3
BRDA:33,0,1,2
BRDA:33,1,0,5
BRDA:33,1,1,3
BRDA:38,2,0,3
BRDA:38,2,1,2
BRDA:38,3,0,5
BRDA:38,3,1,3
BRDA:38,3,2,3
BRDA:45,4,0,3
BRDA:45,4,1,2
BRDA:46,5,0,1
BRDA:46,5,1,1
BRDA:50,6,0,0
BRDA:50,6,1,5
BRDA:63,7,0,5
BRDA:63,7,1,1
BRDA:77,8,0,5
BRDA:77,8,1,0
BRDA:88,9,0,5
BRDA:88,9,1,3
BRDA:98,10,0,3
BRDA:98,10,1,2
BRDA:106,11,0,1
BRDA:106,11,1,2
BRDA:114,12,0,1
BRDA:114,12,1,1
BRDA:128,13,0,5
BRDA:128,13,1,3
BRDA:128,13,2,1
BRDA:128,13,3,1
BRDA:136,14,0,1
BRDA:136,14,1,0
BRF:33
BRH:30
end_of_record
TN:
SF:src/components/ProductForm.tsx
FN:29,ProductForm
FN:68,(anonymous_1)
FNF:2
FNH:1
FNDA:4,ProductForm
FNDA:0,(anonymous_1)
DA:34,4
DA:35,4
DA:61,4
DA:63,4
DA:68,0
LF:5
LH:4
BRDA:72,0,0,0
BRDA:72,0,1,4
BRDA:80,1,0,1
BRDA:80,1,1,3
BRDA:82,2,0,0
BRDA:82,2,1,4
BRDA:97,3,0,1
BRDA:97,3,1,3
BRDA:128,4,0,4
BRDA:128,4,1,4
BRDA:163,5,0,4
BRDA:163,5,1,3
BRDA:167,6,0,1
BRDA:167,6,1,3
BRDA:177,7,0,1
BRDA:177,7,1,2
BRF:16
BRH:14
end_of_record
TN:
SF:src/components/SaleProductItem.tsx
FN:19,SaleProductItem
FN:29,(anonymous_1)
FN:32,(anonymous_2)
FN:41,(anonymous_3)
FN:43,(anonymous_4)
FN:52,(anonymous_5)
FN:104,(anonymous_6)
FN:118,(anonymous_7)
FN:134,(anonymous_8)
FN:157,(anonymous_9)
FN:172,(anonymous_10)
FNF:11
FNH:8
FNDA:6,SaleProductItem
FNDA:4,(anonymous_1)
FNDA:0,(anonymous_2)
FNDA:10,(anonymous_3)
FNDA:5,(anonymous_4)
FNDA:2,(anonymous_5)
FNDA:1,(anonymous_6)
FNDA:1,(anonymous_7)
FNDA:4,(anonymous_8)
FNDA:0,(anonymous_9)
FNDA:0,(anonymous_10)
DA:25,6
DA:26,6
DA:29,6
DA:30,4
DA:31,0
DA:32,0
DA:33,0
DA:35,0
DA:36,0
DA:41,6
DA:42,10
DA:43,5
DA:45,10
DA:48,6
DA:52,2
DA:104,1
DA:118,1
DA:135,4
DA:157,0
DA:172,0
LF:20
LH:13
BRDA:23,0,0,6
BRDA:30,1,0,0
BRDA:30,1,1,4
BRDA:30,2,0,4
BRDA:30,2,1,0
BRDA:35,3,0,0
BRDA:35,3,1,0
BRDA:43,4,0,5
BRDA:43,4,1,5
BRDA:45,5,0,10
BRDA:45,5,1,6
BRDA:51,6,0,4
BRDA:51,6,1,2
BRDA:52,7,0,2
BRDA:52,7,1,2
BRDA:56,8,0,0
BRDA:56,8,1,6
BRDA:66,9,0,0
BRDA:66,9,1,6
BRDA:78,10,0,2
BRDA:78,10,1,4
BRDA:90,11,0,4
BRDA:90,11,1,0
BRDA:93,12,0,2
BRDA:93,12,1,2
BRDA:95,13,0,0
BRDA:95,13,1,4
BRDA:101,14,0,6
BRDA:101,14,1,2
BRDA:111,15,0,0
BRDA:111,15,1,2
BRDA:125,16,0,0
BRDA:125,16,1,2
BRDA:132,17,0,6
BRDA:132,17,1,4
BRDA:132,17,2,2
BRDA:132,17,3,2
BRDA:153,18,0,2
BRDA:153,18,1,2
BRDA:165,19,0,0
BRDA:165,19,1,4
BRDA:173,20,0,4
BRDA:173,20,1,2
BRDA:181,21,0,3
BRDA:181,21,1,1
BRDA:181,22,0,4
BRDA:181,22,1,2
BRDA:183,23,0,0
BRDA:183,23,1,1
BRF:49
BRH:37
end_of_record
TN:
SF:src/components/product/CategoryPicker.tsx
FN:24,CategoryPicker
FN:32,(anonymous_1)
FN:40,(anonymous_2)
FN:43,(anonymous_3)
FN:53,(anonymous_4)
FN:76,(anonymous_5)
FN:100,(anonymous_6)
FN:104,(anonymous_7)
FN:111,(anonymous_8)
FN:153,(anonymous_9)
FN:154,(anonymous_10)
FN:156,(anonymous_11)
FN:184,(anonymous_12)
FNF:13
FNH:2
FNDA:4,CategoryPicker
FNDA:0,(anonymous_1)
FNDA:4,(anonymous_2)
FNDA:0,(anonymous_3)
FNDA:0,(anonymous_4)
FNDA:0,(anonymous_5)
FNDA:0,(anonymous_6)
FNDA:0,(anonymous_7)
FNDA:0,(anonymous_8)
FNDA:0,(anonymous_9)
FNDA:0,(anonymous_10)
FNDA:0,(anonymous_11)
FNDA:0,(anonymous_12)
DA:31,4
DA:32,4
DA:34,4
DA:35,4
DA:36,4
DA:40,4
DA:41,4
DA:42,0
DA:43,0
DA:45,0
DA:46,0
DA:47,0
DA:48,0
DA:53,4
DA:54,0
DA:55,0
DA:57,0
DA:58,0
DA:59,0
DA:60,0
DA:61,0
DA:63,0
DA:64,0
DA:66,0
DA:70,4
DA:76,0
DA:100,0
DA:104,0
DA:111,0
DA:153,0
DA:155,0
DA:157,0
DA:158,0
DA:185,0
LF:34
LH:9
BRDA:41,0,0,0
BRDA:41,0,1,4
BRDA:45,1,0,0
BRDA:45,1,1,0
BRDA:55,2,0,0
BRDA:55,2,1,0
BRDA:82,3,0,0
BRDA:82,3,1,4
BRDA:87,4,0,0
BRDA:87,4,1,4
BRDA:92,5,0,0
BRDA:92,5,1,4
BRDA:115,6,0,0
BRDA:115,6,1,4
BRDA:120,7,0,4
BRDA:120,7,1,0
BRDA:126,8,0,0
BRDA:126,8,1,0
BRDA:138,9,0,0
BRDA:138,9,1,0
BRDA:161,10,0,0
BRDA:161,10,1,0
BRDA:168,11,0,0
BRDA:168,11,1,0
BRDA:175,12,0,0
BRDA:175,12,1,0
BRDA:179,13,0,0
BRDA:179,13,1,0
BRF:28
BRH:6
end_of_record
TN:
SF:src/components/product/ProductImagePicker.tsx
FN:20,ProductImagePicker
FNF:1
FNH:1
FNDA:4,ProductImagePicker
DA:26,4
DA:28,4
LF:2
LH:2
BRDA:36,0,0,0
BRDA:36,0,1,4
BRDA:44,1,0,0
BRDA:44,1,1,4
BRDA:46,2,0,0
BRDA:46,2,1,0
BRDA:53,3,0,0
BRDA:53,3,1,4
BRDA:60,4,0,4
BRDA:60,4,1,4
BRDA:69,5,0,4
BRDA:69,5,1,0
BRDA:74,6,0,4
BRDA:74,6,1,1
BRDA:77,7,0,1
BRDA:77,7,1,0
BRF:16
BRH:9
end_of_record
TN:
SF:src/components/product/VariationSection.tsx
FN:30,VariationSection
FN:76,(anonymous_1)
FN:90,(anonymous_2)
FN:107,(anonymous_3)
FN:122,(anonymous_4)
FN:135,(anonymous_5)
FNF:6
FNH:1
FNDA:4,VariationSection
FNDA:0,(anonymous_1)
FNDA:0,(anonymous_2)
FNDA:0,(anonymous_3)
FNDA:0,(anonymous_4)
FNDA:0,(anonymous_5)
DA:39,4
DA:41,4
DA:77,0
DA:90,0
DA:108,0
DA:123,0
DA:136,0
LF:7
LH:2
BRDA:56,0,0,4
BRDA:56,0,1,0
BRDA:65,1,0,4
BRDA:65,1,1,0
BRDA:118,2,0,0
BRDA:118,2,1,0
BRDA:133,3,0,0
BRDA:133,3,1,0
BRDA:139,4,0,0
BRDA:139,4,1,0
BRDA:158,5,0,0
BRDA:158,5,1,0
BRF:12
BRH:2
end_of_record
TN:
SF:src/hooks/useAppAuth.ts
FN:16,useAppAuth
FN:23,(anonymous_1)
FN:50,(anonymous_2)
FN:108,(anonymous_3)
FN:112,(anonymous_4)
FN:128,(anonymous_5)
FN:131,(anonymous_6)
FN:146,(anonymous_7)
FN:155,(anonymous_8)
FN:171,(anonymous_9)
FN:189,(anonymous_10)
FNF:11
FNH:7
FNDA:6,useAppAuth
FNDA:1,(anonymous_1)
FNDA:0,(anonymous_2)
FNDA:1,(anonymous_3)
FNDA:0,(anonymous_4)
FNDA:3,(anonymous_5)
FNDA:1,(anonymous_6)
FNDA:0,(anonymous_7)
FNDA:3,(anonymous_8)
FNDA:0,(anonymous_9)
FNDA:3,(anonymous_10)
DA:9,1
DA:17,6
DA:18,6
DA:19,6
DA:21,6
DA:23,6
DA:24,1
DA:25,1
DA:31,1
DA:32,0
DA:33,0
DA:36,1
DA:37,0
DA:38,0
DA:39,0
DA:42,1
DA:44,0
DA:46,1
DA:50,6
DA:51,0
DA:52,0
DA:56,0
DA:58,0
DA:65,0
DA:67,0
DA:68,0
DA:73,0
DA:75,0
DA:76,0
DA:78,0
DA:79,0
DA:82,0
DA:84,0
DA:86,0
DA:87,0
DA:92,0
DA:93,0
DA:95,0
DA:103,0
DA:104,0
DA:108,6
DA:109,1
DA:112,6
DA:113,0
DA:114,0
DA:115,0
DA:120,0
DA:121,0
DA:123,0
DA:124,0
DA:128,6
DA:129,3
DA:131,3
DA:132,1
DA:133,0
DA:136,1
DA:147,0
DA:148,0
DA:155,3
DA:156,3
DA:157,3
DA:158,3
DA:159,1
DA:160,1
DA:161,1
DA:163,2
DA:164,2
DA:171,3
DA:172,0
DA:173,0
DA:174,0
DA:175,0
DA:176,0
DA:177,0
DA:179,0
DA:180,0
DA:181,0
DA:183,0
DA:184,0
DA:185,0
DA:189,3
DA:190,3
DA:191,3
DA:192,0
DA:197,6
LF:85
LH:35
BRDA:31,0,0,0
BRDA:31,0,1,1
BRDA:36,1,0,0
BRDA:36,1,1,1
BRDA:65,2,0,0
BRDA:65,2,1,0
BRDA:67,3,0,0
BRDA:67,3,1,0
BRDA:75,4,0,0
BRDA:75,4,1,0
BRDA:75,5,0,0
BRDA:75,5,1,0
BRDA:82,6,0,0
BRDA:82,6,1,0
BRDA:84,7,0,0
BRDA:84,7,1,0
BRDA:86,8,0,0
BRDA:86,8,1,0
BRDA:86,9,0,0
BRDA:86,9,1,0
BRDA:92,10,0,0
BRDA:92,10,1,0
BRDA:113,11,0,0
BRDA:113,11,1,0
BRDA:120,12,0,0
BRDA:120,12,1,0
BRDA:132,13,0,0
BRDA:132,13,1,1
BRDA:156,14,0,3
BRDA:156,14,1,2
BRDA:158,15,0,1
BRDA:158,15,1,2
BRDA:172,16,0,0
BRDA:172,16,1,0
BRDA:174,17,0,0
BRDA:174,17,1,0
BRDA:179,18,0,0
BRDA:179,18,1,0
BRDA:191,19,0,0
BRDA:191,19,1,3
BRF:40
BRH:8
end_of_record
TN:
SF:src/hooks/useAppProducts.ts
FN:11,useAppProducts
FN:14,(anonymous_1)
FN:23,(anonymous_2)
FN:35,(anonymous_3)
FN:48,(anonymous_4)
FN:52,(anonymous_5)
FN:59,(anonymous_6)
FN:63,(anonymous_7)
FN:64,(anonymous_8)
FN:71,(anonymous_9)
FNF:10
FNH:8
FNDA:8,useAppProducts
FNDA:2,(anonymous_1)
FNDA:2,(anonymous_2)
FNDA:2,(anonymous_3)
FNDA:1,(anonymous_4)
FNDA:1,(anonymous_5)
FNDA:1,(anonymous_6)
FNDA:0,(anonymous_7)
FNDA:0,(anonymous_8)
FNDA:1,(anonymous_9)
DA:12,8
DA:14,8
DA:15,2
DA:16,2
DA:17,2
DA:19,0
DA:23,8
DA:26,2
DA:27,1
DA:28,1
DA:29,1
DA:31,0
DA:35,8
DA:39,2
DA:40,2
DA:41,2
DA:42,2
DA:44,0
DA:48,8
DA:52,1
DA:53,1
DA:55,1
DA:56,1
DA:59,8
DA:60,1
DA:63,8
DA:64,0
DA:65,0
DA:67,0
DA:68,0
DA:71,8
DA:72,1
DA:73,1
DA:74,1
DA:75,1
DA:77,0
DA:81,8
LF:37
LH:29
BRDA:26,0,0,1
BRDA:26,0,1,1
BRDA:39,1,0,0
BRDA:39,1,1,2
BRDA:53,2,0,0
BRDA:53,2,1,1
BRDA:65,3,0,0
BRDA:65,3,1,0
BRDA:72,4,0,0
BRDA:72,4,1,1
BRF:10
BRH:5
end_of_record
TN:
SF:src/hooks/useAppSales.ts
FN:15,useAppSales
FN:23,(anonymous_1)
FN:40,(anonymous_2)
FN:41,(anonymous_3)
FN:44,(anonymous_4)
FN:54,(anonymous_5)
FN:78,(anonymous_6)
FN:92,(anonymous_7)
FN:101,(anonymous_8)
FN:111,(anonymous_9)
FN:127,(anonymous_10)
FN:140,(anonymous_11)
FNF:12
FNH:10
FNDA:11,useAppSales
FNDA:2,(anonymous_1)
FNDA:1,(anonymous_2)
FNDA:2,(anonymous_3)
FNDA:1,(anonymous_4)
FNDA:1,(anonymous_5)
FNDA:2,(anonymous_6)
FNDA:0,(anonymous_7)
FNDA:1,(anonymous_8)
FNDA:1,(anonymous_9)
FNDA:0,(anonymous_10)
FNDA:2,(anonymous_11)
DA:21,11
DA:23,11
DA:24,2
DA:25,2
DA:27,2
DA:28,2
DA:29,2
DA:30,2
DA:31,1
DA:34,0
DA:38,2
DA:40,2
DA:41,2
DA:43,2
DA:45,1
DA:48,2
DA:50,0
DA:54,11
DA:66,1
DA:67,1
DA:68,1
DA:69,1
DA:70,1
DA:72,0
DA:74,1
DA:78,11
DA:79,2
DA:80,1
DA:81,1
DA:82,1
DA:83,1
DA:85,0
DA:86,0
DA:88,1
DA:92,11
DA:93,0
DA:94,0
DA:96,0
DA:97,0
DA:101,11
DA:102,1
DA:103,1
DA:104,1
DA:106,0
DA:107,0
DA:111,11
DA:115,1
DA:116,1
DA:117,1
DA:119,0
DA:120,0
DA:122,0
DA:123,0
DA:127,11
DA:131,0
DA:132,0
DA:133,0
DA:135,0
DA:136,0
DA:140,11
DA:141,2
DA:142,1
DA:143,1
DA:144,1
DA:145,1
DA:146,1
DA:148,0
DA:150,1
DA:152,0
DA:153,0
DA:155,1
DA:159,11
LF:72
LH:49
BRDA:30,0,0,1
BRDA:30,0,1,1
BRDA:63,1,0,1
BRDA:68,2,0,1
BRDA:68,2,1,1
BRDA:79,3,0,1
BRDA:79,3,1,1
BRDA:102,4,0,0
BRDA:102,4,1,1
BRDA:115,5,0,0
BRDA:115,5,1,1
BRDA:116,6,0,1
BRDA:116,6,1,0
BRDA:131,7,0,0
BRDA:131,7,1,0
BRDA:141,8,0,1
BRDA:141,8,1,1
BRF:17
BRH:12
end_of_record
TN:
SF:src/hooks/useCart.ts
FN:11,useCart
FN:14,(anonymous_1)
FN:15,(anonymous_2)
FN:16,(anonymous_3)
FN:21,(anonymous_4)
FN:30,(anonymous_5)
FN:35,(anonymous_6)
FN:37,(anonymous_7)
FN:39,(anonymous_8)
FN:46,(anonymous_9)
FN:56,(anonymous_10)
FN:75,(anonymous_11)
FN:77,(anonymous_12)
FN:78,(anonymous_13)
FNF:14
FNH:14
FNDA:14,useCart
FNDA:14,(anonymous_1)
FNDA:4,(anonymous_2)
FNDA:5,(anonymous_3)
FNDA:1,(anonymous_4)
FNDA:10,(anonymous_5)
FNDA:10,(anonymous_6)
FNDA:3,(anonymous_7)
FNDA:12,(anonymous_8)
FNDA:3,(anonymous_9)
FNDA:1,(anonymous_10)
FNDA:1,(anonymous_11)
FNDA:14,(anonymous_12)
FNDA:4,(anonymous_13)
DA:12,14
DA:14,14
DA:15,14
DA:16,5
DA:17,4
DA:19,4
DA:20,1
DA:21,1
DA:23,1
DA:26,3
DA:30,14
DA:35,10
DA:36,10
DA:37,3
DA:39,12
DA:41,10
DA:43,10
DA:44,10
DA:45,2
DA:46,3
DA:48,2
DA:51,10
DA:52,3
DA:53,3
DA:55,3
DA:56,1
DA:59,2
DA:60,1
DA:63,1
DA:64,1
DA:65,1
DA:66,7
DA:67,7
DA:68,6
DA:69,6
DA:71,0
DA:75,14
DA:77,14
DA:78,14
DA:81,14
LF:40
LH:39
BRDA:17,0,0,0
BRDA:17,0,1,4
BRDA:19,1,0,1
BRDA:19,1,1,3
BRDA:19,2,0,4
BRDA:19,2,1,1
BRDA:23,3,0,1
BRDA:23,3,1,0
BRDA:26,4,0,3
BRDA:26,4,1,0
BRDA:37,5,0,3
BRDA:37,5,1,3
BRDA:41,6,0,0
BRDA:41,6,1,10
BRDA:44,7,0,2
BRDA:44,7,1,8
BRDA:44,8,0,10
BRDA:44,8,1,2
BRDA:48,9,0,2
BRDA:48,9,1,0
BRDA:51,10,0,3
BRDA:51,10,1,7
BRDA:55,11,0,1
BRDA:55,11,1,2
BRDA:59,12,0,1
BRDA:59,12,1,1
BRDA:66,13,0,7
BRDA:66,13,1,0
BRDA:67,14,0,1
BRDA:67,14,1,6
BRF:30
BRH:24
end_of_record
TN:
SF:src/hooks/useDashboardMetrics.ts
FN:5,useDashboardMetrics
FN:6,(anonymous_1)
FN:7,(anonymous_2)
FN:14,(anonymous_3)
FN:16,(anonymous_4)
FN:21,(anonymous_5)
FN:22,(anonymous_6)
FN:38,(anonymous_7)
FN:39,(anonymous_8)
FN:70,(anonymous_9)
FN:74,(anonymous_10)
FN:84,(anonymous_11)
FN:86,(anonymous_12)
FN:107,(anonymous_13)
FN:125,(anonymous_14)
FN:134,(anonymous_15)
FNF:16
FNH:14
FNDA:4,useDashboardMetrics
FNDA:4,(anonymous_1)
FNDA:8,(anonymous_2)
FNDA:8,(anonymous_3)
FNDA:8,(anonymous_4)
FNDA:4,(anonymous_5)
FNDA:4,(anonymous_6)
FNDA:8,(anonymous_7)
FNDA:8,(anonymous_8)
FNDA:4,(anonymous_9)
FNDA:4,(anonymous_10)
FNDA:8,(anonymous_11)
FNDA:0,(anonymous_12)
FNDA:0,(anonymous_13)
FNDA:56,(anonymous_14)
FNDA:8,(anonymous_15)
DA:6,4
DA:7,8
DA:8,4
DA:9,4
DA:10,4
DA:11,4
DA:13,4
DA:14,8
DA:16,4
DA:17,8
DA:18,8
DA:21,4
DA:22,4
DA:24,4
DA:25,4
DA:26,4
DA:27,0
DA:28,0
DA:33,4
DA:36,4
DA:38,4
DA:39,8
DA:40,8
DA:41,8
DA:42,8
DA:43,8
DA:45,8
DA:46,8
DA:52,8
DA:53,8
DA:56,8
DA:57,8
DA:63,8
DA:64,8
DA:69,4
DA:70,4
DA:73,4
DA:74,4
DA:82,4
DA:84,4
DA:85,8
DA:86,0
DA:87,0
DA:88,0
DA:96,8
DA:97,4
DA:106,4
DA:107,0
DA:110,4
DA:111,4
DA:112,28
DA:113,28
DA:114,28
DA:115,28
DA:116,28
DA:118,28
DA:122,28
DA:123,28
DA:125,28
DA:126,56
DA:127,56
DA:134,28
DA:135,28
DA:142,4
DA:152,4
LF:65
LH:59
BRDA:18,0,0,8
BRDA:18,0,1,8
BRDA:25,1,0,4
BRDA:25,1,1,0
BRDA:27,2,0,0
BRDA:27,2,1,0
BRDA:40,3,0,8
BRDA:40,3,1,0
BRDA:42,4,0,0
BRDA:42,4,1,8
BRDA:43,5,0,8
BRDA:43,5,1,0
BRDA:45,6,0,8
BRDA:45,6,1,0
BRDA:56,7,0,8
BRDA:56,7,1,0
BRDA:85,8,0,0
BRDA:85,8,1,8
BRDA:85,9,0,8
BRDA:85,9,1,0
BRDA:87,10,0,0
BRDA:87,10,1,0
BRDA:96,11,0,4
BRDA:96,11,1,4
BRDA:128,12,0,56
BRDA:128,12,1,56
BRDA:128,12,2,56
BRF:27
BRH:15
end_of_record
TN:
SF:src/utils/formatters.ts
FN:1,(anonymous_0)
FN:12,(anonymous_1)
FN:24,(anonymous_2)
FN:35,(anonymous_3)
FN:40,(anonymous_4)
FN:48,(anonymous_5)
FN:76,(anonymous_6)
FN:81,(anonymous_7)
FNF:8
FNH:7
FNDA:12,(anonymous_0)
FNDA:4,(anonymous_1)
FNDA:3,(anonymous_2)
FNDA:3,(anonymous_3)
FNDA:1,(anonymous_4)
FNDA:3,(anonymous_5)
FNDA:0,(anonymous_6)
FNDA:3,(anonymous_7)
DA:1,4
DA:2,12
DA:3,12
DA:12,4
DA:13,4
DA:14,4
DA:24,4
DA:25,3
DA:26,3
DA:28,2
DA:29,2
DA:35,4
DA:36,3
DA:37,2
DA:40,4
DA:41,1
DA:42,1
DA:48,4
DA:49,3
DA:50,3
DA:56,3
DA:62,3
DA:71,3
DA:72,2
DA:73,1
DA:76,4
DA:77,0
DA:78,0
DA:81,4
DA:82,3
DA:83,3
DA:84,3
DA:86,3
DA:87,2
DA:88,1
DA:89,1
DA:90,0
LF:37
LH:34
BRDA:2,0,0,1
BRDA:2,0,1,11
BRDA:13,1,0,0
BRDA:13,1,1,4
BRDA:26,2,0,1
BRDA:26,2,1,2
BRDA:36,3,0,1
BRDA:36,3,1,2
BRDA:37,4,0,2
BRDA:37,4,1,0
BRDA:41,5,0,0
BRDA:41,5,1,1
BRDA:49,6,0,0
BRDA:49,6,1,3
BRDA:71,7,0,1
BRDA:71,7,1,2
BRDA:72,8,0,1
BRDA:72,8,1,1
BRDA:77,9,0,0
BRDA:77,9,1,0
BRDA:82,10,0,0
BRDA:82,10,1,3
BRDA:86,11,0,1
BRDA:86,11,1,2
BRDA:87,12,0,1
BRDA:87,12,1,1
BRDA:89,13,0,1
BRDA:89,13,1,0
BRF:28
BRH:20
end_of_record
TN:
SF:src/utils/pix.ts
FN:6,crc16
FN:24,formatField
FN:29,sanitize
FN:46,generatePixPayload
FNF:4
FNH:4
FNDA:4,crc16
FNDA:51,formatField
FNDA:11,sanitize
FNDA:4,generatePixPayload
DA:7,4
DA:8,4
DA:10,4
DA:11,483
DA:12,483
DA:13,3864
DA:14,1883
DA:16,1981
DA:21,4
DA:25,51
DA:26,51
DA:30,11
DA:54,4
DA:55,4
DA:56,4
DA:61,4
DA:64,4
DA:65,4
DA:66,4
DA:70,4
DA:82,4
DA:83,4
LF:22
LH:22
BRDA:13,0,0,1883
BRDA:13,0,1,1981
BRDA:30,1,0,11
BRDA:30,1,1,0
BRDA:50,2,0,0
BRDA:52,3,0,4
BRDA:56,4,0,3
BRDA:56,4,1,1
BRDA:61,5,0,4
BRDA:61,5,1,0
BRDA:66,6,0,3
BRDA:66,6,1,1
BRF:12
BRH:9
end_of_record
